<?xml version="1.0" encoding="UTF-8"?>
<testsuite xmlns:xsi="http://www.w3.org/2001/XMLSchema-instance" xsi:noNamespaceSchemaLocation="https://maven.apache.org/surefire/maven-surefire-plugin/xsd/surefire-test-report-3.0.xsd" version="3.0" name="TestSuite" time="66.847" tests="1" errors="0" skipped="0" failures="0">
  <properties>
[...]
</properties>
  <testcase name="runScenario[&quot;Contact Us Form Tests&quot;, &quot;Contact Us Form Tests&quot;](1)" classname="testRunner.Run" time="63.738">
    <system-out><![CDATA[Setup the browser
chrome
[DEBUG] Using SLF4J as the default logging framework
[DEBUG] -Dio.netty.leakDetection.level: simple
[DEBUG] -Dio.netty.leakDetection.targetRecords: 4
[DEBUG] Loaded default ResourceLeakDetector: io.netty.util.ResourceLeakDetector@65e0b505
[DEBUG] -Dio.netty.noUnsafe: false
[DEBUG] Java version: 17
[DEBUG] sun.misc.Unsafe.theUnsafe: available
[DEBUG] sun.misc.Unsafe.copyMemory: available
[DEBUG] sun.misc.Unsafe.storeFence: available
[DEBUG] java.nio.Buffer.address: available
[DEBUG] direct buffer constructor: unavailable: Reflective setAccessible(true) disabled
[DEBUG] java.nio.Bits.unaligned: available, true
[DEBUG] jdk.internal.misc.Unsafe.allocateUninitializedArray(int): unavailable: class io.netty.util.internal.PlatformDependent0$7 cannot access class jdk.internal.misc.Unsafe (in module java.base) because module java.base does not export jdk.internal.misc to unnamed module @306f16f3
[DEBUG] java.nio.DirectByteBuffer.<init>(long, int): unavailable
[DEBUG] sun.misc.Unsafe: available
[DEBUG] maxDirectMemory: 2103443456 bytes (maybe)
[DEBUG] -Dio.netty.tmpdir: C:\Users\abrar\AppData\Local\Temp (java.io.tmpdir)
[DEBUG] -Dio.netty.bitMode: 64 (sun.arch.data.model)
[DEBUG] Platform: Windows
[DEBUG] -Dio.netty.maxDirectMemory: -1 bytes
[DEBUG] -Dio.netty.uninitializedArrayAllocationThreshold: -1
[DEBUG] java.nio.ByteBuffer.cleaner(): available
[DEBUG] -Dio.netty.noPreferDirect: false
[DEBUG] org.jctools-core.MpscChunkedArrayQueue: available
[DEBUG] -Dio.netty.threadLocalMap.stringBuilder.initialSize: 1024
[DEBUG] -Dio.netty.threadLocalMap.stringBuilder.maxSize: 4096
[DEBUG] Default protocols (JDK): [TLSv1.3, TLSv1.2] 
[DEBUG] Default cipher suites (JDK): [TLS_ECDHE_ECDSA_WITH_AES_256_GCM_SHA384, TLS_ECDHE_ECDSA_WITH_AES_128_GCM_SHA256, TLS_ECDHE_RSA_WITH_AES_128_GCM_SHA256, TLS_ECDHE_RSA_WITH_AES_256_GCM_SHA384, TLS_ECDHE_RSA_WITH_AES_128_CBC_SHA, TLS_ECDHE_RSA_WITH_AES_256_CBC_SHA, TLS_RSA_WITH_AES_128_GCM_SHA256, TLS_RSA_WITH_AES_128_CBC_SHA, TLS_RSA_WITH_AES_256_CBC_SHA, TLS_AES_128_GCM_SHA256, TLS_AES_256_GCM_SHA384]
[DEBUG] -Dio.netty.globalEventExecutor.quietPeriodSeconds: 1
[DEBUG] -Dio.netty.eventLoopThreads: 16
[DEBUG] -Dio.netty.noKeySetOptimization: false
[DEBUG] -Dio.netty.selectorAutoRebuildThreshold: 512
[DEBUG] -Dio.netty.allocator.numHeapArenas: 16
[DEBUG] -Dio.netty.allocator.numDirectArenas: 16
[DEBUG] -Dio.netty.allocator.pageSize: 8192
[DEBUG] -Dio.netty.allocator.maxOrder: 9
[DEBUG] -Dio.netty.allocator.chunkSize: 4194304
[DEBUG] -Dio.netty.allocator.smallCacheSize: 256
[DEBUG] -Dio.netty.allocator.normalCacheSize: 64
[DEBUG] -Dio.netty.allocator.maxCachedBufferCapacity: 32768
[DEBUG] -Dio.netty.allocator.cacheTrimInterval: 8192
[DEBUG] -Dio.netty.allocator.cacheTrimIntervalMillis: 0
[DEBUG] -Dio.netty.allocator.useCacheForAllThreads: false
[DEBUG] -Dio.netty.allocator.maxCachedByteBuffersPerChunk: 1023
[DEBUG] -Dio.netty.allocator.type: pooled
[DEBUG] -Dio.netty.threadLocalDirectBufferSize: 0
[DEBUG] -Dio.netty.maxThreadLocalCharBufferSize: 16384
[DEBUG] -Dio.netty.processId: 17028 (auto-detected)
[DEBUG] -Djava.net.preferIPv4Stack: false
[DEBUG] -Djava.net.preferIPv6Addresses: false
[DEBUG] Loopback interface: lo (Software Loopback Interface 1, 127.0.0.1)
[DEBUG] Failed to get SOMAXCONN from sysctl and file \proc\sys\net\core\somaxconn. Default: 200
[DEBUG] -Dio.netty.machineId: a8:7e:ea:ff:fe:83:b1:e8 (auto-detected)
[DEBUG] -Dio.netty.buffer.checkAccessible: true
[DEBUG] -Dio.netty.buffer.checkBounds: true
[DEBUG] Loaded default ResourceLeakDetector: io.netty.util.ResourceLeakDetector@6219ec99
[DEBUG] Using new Channel '[id: 0x7151e1bc, L:/127.0.0.1:52360 - R:localhost/127.0.0.1:37189]' for 'POST' to '/session'
[DEBUG] -Dio.netty.recycler.maxCapacityPerThread: 4096
[DEBUG] -Dio.netty.recycler.ratio: 8
[DEBUG] -Dio.netty.recycler.chunkSize: 32
[DEBUG] -Dio.netty.recycler.blocking: false
[DEBUG] -Dio.netty.recycler.batchFastThreadLocalOnly: true
[DEBUG] brotli4j not in the classpath; Brotli support will be unavailable.
[DEBUG] 

Request DefaultHttpRequest(decodeResult: success, version: HTTP/1.1)
POST /session HTTP/1.1
User-Agent: selenium/4.8.2 (java windows)
Content-Length: 5765133
Content-Type: application/json; charset=utf-8
host: localhost:37189
accept: */*

Response DefaultHttpResponse(decodeResult: success, version: HTTP/1.1)
HTTP/1.1 200 OK
Content-Length: 858
Content-Type: application/json; charset=utf-8
cache-control: no-cache

[DEBUG] Adding key: http://localhost:37189 for channel [id: 0x7151e1bc, L:/127.0.0.1:52360 - R:localhost/127.0.0.1:37189]
[DEBUG] Using new Channel '[id: 0x603355e7, L:/127.0.0.1:52371 - R:localhost/127.0.0.1:52361]' for 'GET' to '/json/version'
[DEBUG] 

Request DefaultFullHttpRequest(decodeResult: success, version: HTTP/1.1, content: EmptyByteBufBE)
GET /json/version HTTP/1.1
User-Agent: selenium/4.8.2 (java windows)
host: localhost:52361
accept: */*

Response DefaultHttpResponse(decodeResult: success, version: HTTP/1.1)
HTTP/1.1 200 OK
Content-Security-Policy: frame-ancestors 'none'
Content-Length: 424
Content-Type: application/json; charset=UTF-8

[DEBUG] Adding key: http://localhost:52361 for channel [id: 0x603355e7, L:/127.0.0.1:52371 - R:localhost/127.0.0.1:52361]
[DEBUG] -Dio.netty.initialSeedUniquifier: 0x7fcb127aa52ce9fb
[DEBUG] Using new Channel '[id: 0x8ac325ca, L:/127.0.0.1:52372 - R:localhost/127.0.0.1:52361]' for 'GET' to '/devtools/browser/5a91c38b-f21a-4c1a-9cd9-b1281af9776e'
[DEBUG] 

Request DefaultFullHttpRequest(decodeResult: success, version: HTTP/1.1, content: EmptyByteBufBE)
GET /devtools/browser/5a91c38b-f21a-4c1a-9cd9-b1281af9776e HTTP/1.1
upgrade: websocket
connection: upgrade
sec-websocket-key: JpoOfd18ECR4GNcsTfXd4w==
sec-websocket-version: 13
origin: http://localhost:52361
host: localhost:52361
accept: */*
user-agent: AHC/2.1

Response DefaultHttpResponse(decodeResult: success, version: HTTP/1.1)
HTTP/1.1 101 WebSocket Protocol Handshake
Upgrade: WebSocket
Connection: Upgrade
Sec-WebSocket-Accept: BWx8zVNwA3IN6juEJfnLC7moE3c=

[DEBUG] Using pooled Channel '[id: 0x7151e1bc, L:/127.0.0.1:52360 - R:localhost/127.0.0.1:37189]' for 'POST' to 'http://localhost:37189/session/06c76e39e3cc06ba1210ce3891121f49/url'
[DEBUG] Using open Channel [id: 0x7151e1bc, L:/127.0.0.1:52360 - R:localhost/127.0.0.1:37189] for POST '/session/06c76e39e3cc06ba1210ce3891121f49/url'
[DEBUG] Entry count for : http://localhost:52361 : 1
[DEBUG] Entry count for : http://localhost:52361 : 1
[DEBUG] Entry count for : http://localhost:52361 : 1
[DEBUG] Entry count for : http://localhost:52361 : 1
[DEBUG] Entry count for : http://localhost:52361 : 1
[DEBUG] Entry count for : http://localhost:52361 : 1
[DEBUG] Entry count for : http://localhost:52361 : 1
[DEBUG] Entry count for : http://localhost:52361 : 1
[DEBUG] Entry count for : http://localhost:52361 : 1
[DEBUG] Entry count for : http://localhost:52361 : 1
[DEBUG] Entry count for : http://localhost:52361 : 1
[DEBUG] Entry count for : http://localhost:52361 : 1
[DEBUG] Entry count for : http://localhost:52361 : 1
[DEBUG] Entry count for : http://localhost:52361 : 1
[DEBUG] Entry count for : http://localhost:52361 : 1
[DEBUG] Entry count for : http://localhost:52361 : 1
[DEBUG] Entry count for : http://localhost:52361 : 1
[DEBUG] Entry count for : http://localhost:52361 : 1
[DEBUG] Entry count for : http://localhost:52361 : 1
[DEBUG] Entry count for : http://localhost:52361 : 1
[DEBUG] Entry count for : http://localhost:52361 : 1
[DEBUG] Entry count for : http://localhost:52361 : 1
[DEBUG] Entry count for : http://localhost:52361 : 1
[DEBUG] Entry count for : http://localhost:52361 : 1
[DEBUG] Entry count for : http://localhost:52361 : 1
[DEBUG] 

Request DefaultHttpRequest(decodeResult: success, version: HTTP/1.1)
POST /session/06c76e39e3cc06ba1210ce3891121f49/url HTTP/1.1
User-Agent: selenium/4.8.2 (java windows)
Content-Length: 54
Content-Type: application/json; charset=utf-8
host: localhost:37189
accept: */*

Response DefaultHttpResponse(decodeResult: success, version: HTTP/1.1)
HTTP/1.1 200 OK
Content-Length: 14
Content-Type: application/json; charset=utf-8
cache-control: no-cache

[DEBUG] Adding key: http://localhost:37189 for channel [id: 0x7151e1bc, L:/127.0.0.1:52360 - R:localhost/127.0.0.1:37189]
[DEBUG] Using pooled Channel '[id: 0x7151e1bc, L:/127.0.0.1:52360 - R:localhost/127.0.0.1:37189]' for 'POST' to 'http://localhost:37189/session/06c76e39e3cc06ba1210ce3891121f49/window/maximize'
[DEBUG] Using open Channel [id: 0x7151e1bc, L:/127.0.0.1:52360 - R:localhost/127.0.0.1:37189] for POST '/session/06c76e39e3cc06ba1210ce3891121f49/window/maximize'
[DEBUG] 

Request DefaultHttpRequest(decodeResult: success, version: HTTP/1.1)
POST /session/06c76e39e3cc06ba1210ce3891121f49/window/maximize HTTP/1.1
User-Agent: selenium/4.8.2 (java windows)
Content-Length: 3
Content-Type: application/json; charset=utf-8
host: localhost:37189
accept: */*

Response DefaultHttpResponse(decodeResult: success, version: HTTP/1.1)
HTTP/1.1 200 OK
Content-Length: 51
Content-Type: application/json; charset=utf-8
cache-control: no-cache

[DEBUG] Adding key: http://localhost:37189 for channel [id: 0x7151e1bc, L:/127.0.0.1:52360 - R:localhost/127.0.0.1:37189]
[DEBUG] Using pooled Channel '[id: 0x7151e1bc, L:/127.0.0.1:52360 - R:localhost/127.0.0.1:37189]' for 'POST' to 'http://localhost:37189/session/06c76e39e3cc06ba1210ce3891121f49/timeouts'
[DEBUG] Using open Channel [id: 0x7151e1bc, L:/127.0.0.1:52360 - R:localhost/127.0.0.1:37189] for POST '/session/06c76e39e3cc06ba1210ce3891121f49/timeouts'
[DEBUG] 

Request DefaultHttpRequest(decodeResult: success, version: HTTP/1.1)
POST /session/06c76e39e3cc06ba1210ce3891121f49/timeouts HTTP/1.1
User-Agent: selenium/4.8.2 (java windows)
Content-Length: 23
Content-Type: application/json; charset=utf-8
host: localhost:37189
accept: */*

Response DefaultHttpResponse(decodeResult: success, version: HTTP/1.1)
HTTP/1.1 200 OK
Content-Length: 14
Content-Type: application/json; charset=utf-8
cache-control: no-cache

[DEBUG] Adding key: http://localhost:37189 for channel [id: 0x7151e1bc, L:/127.0.0.1:52360 - R:localhost/127.0.0.1:37189]
[DEBUG] Using pooled Channel '[id: 0x7151e1bc, L:/127.0.0.1:52360 - R:localhost/127.0.0.1:37189]' for 'POST' to 'http://localhost:37189/session/06c76e39e3cc06ba1210ce3891121f49/element'
[DEBUG] Using open Channel [id: 0x7151e1bc, L:/127.0.0.1:52360 - R:localhost/127.0.0.1:37189] for POST '/session/06c76e39e3cc06ba1210ce3891121f49/element'
[DEBUG] 

Request DefaultHttpRequest(decodeResult: success, version: HTTP/1.1)
POST /session/06c76e39e3cc06ba1210ce3891121f49/element HTTP/1.1
User-Agent: selenium/4.8.2 (java windows)
Content-Length: 92
Content-Type: application/json; charset=utf-8
host: localhost:37189
accept: */*

Response DefaultHttpResponse(decodeResult: success, version: HTTP/1.1)
HTTP/1.1 200 OK
Content-Length: 88
Content-Type: application/json; charset=utf-8
cache-control: no-cache

[DEBUG] Adding key: http://localhost:37189 for channel [id: 0x7151e1bc, L:/127.0.0.1:52360 - R:localhost/127.0.0.1:37189]
[DEBUG] Using pooled Channel '[id: 0x7151e1bc, L:/127.0.0.1:52360 - R:localhost/127.0.0.1:37189]' for 'POST' to 'http://localhost:37189/session/06c76e39e3cc06ba1210ce3891121f49/execute/sync'
[DEBUG] Using open Channel [id: 0x7151e1bc, L:/127.0.0.1:52360 - R:localhost/127.0.0.1:37189] for POST '/session/06c76e39e3cc06ba1210ce3891121f49/execute/sync'
[DEBUG] 

Request DefaultHttpRequest(decodeResult: success, version: HTTP/1.1)
POST /session/06c76e39e3cc06ba1210ce3891121f49/execute/sync HTTP/1.1
User-Agent: selenium/4.8.2 (java windows)
Content-Length: 48807
Content-Type: application/json; charset=utf-8
host: localhost:37189
accept: */*

Response DefaultHttpResponse(decodeResult: success, version: HTTP/1.1)
HTTP/1.1 200 OK
Content-Length: 14
Content-Type: application/json; charset=utf-8
cache-control: no-cache

[DEBUG] Adding key: http://localhost:37189 for channel [id: 0x7151e1bc, L:/127.0.0.1:52360 - R:localhost/127.0.0.1:37189]
[DEBUG] Using pooled Channel '[id: 0x7151e1bc, L:/127.0.0.1:52360 - R:localhost/127.0.0.1:37189]' for 'POST' to 'http://localhost:37189/session/06c76e39e3cc06ba1210ce3891121f49/element'
[DEBUG] Using open Channel [id: 0x7151e1bc, L:/127.0.0.1:52360 - R:localhost/127.0.0.1:37189] for POST '/session/06c76e39e3cc06ba1210ce3891121f49/element'
[DEBUG] 

Request DefaultHttpRequest(decodeResult: success, version: HTTP/1.1)
POST /session/06c76e39e3cc06ba1210ce3891121f49/element HTTP/1.1
User-Agent: selenium/4.8.2 (java windows)
Content-Length: 81
Content-Type: application/json; charset=utf-8
host: localhost:37189
accept: */*

Response DefaultHttpResponse(decodeResult: success, version: HTTP/1.1)
HTTP/1.1 200 OK
Content-Length: 88
Content-Type: application/json; charset=utf-8
cache-control: no-cache

[DEBUG] Adding key: http://localhost:37189 for channel [id: 0x7151e1bc, L:/127.0.0.1:52360 - R:localhost/127.0.0.1:37189]
[DEBUG] Using pooled Channel '[id: 0x7151e1bc, L:/127.0.0.1:52360 - R:localhost/127.0.0.1:37189]' for 'POST' to 'http://localhost:37189/session/06c76e39e3cc06ba1210ce3891121f49/element/271d1e3f-d739-4a17-a669-340156e4aede/click'
[DEBUG] Using open Channel [id: 0x7151e1bc, L:/127.0.0.1:52360 - R:localhost/127.0.0.1:37189] for POST '/session/06c76e39e3cc06ba1210ce3891121f49/element/271d1e3f-d739-4a17-a669-340156e4aede/click'
[DEBUG] Entry count for : http://localhost:52361 : 1
[DEBUG] Entry count for : http://localhost:52361 : 1
[DEBUG] Entry count for : http://localhost:52361 : 1
[DEBUG] 

Request DefaultHttpRequest(decodeResult: success, version: HTTP/1.1)
POST /session/06c76e39e3cc06ba1210ce3891121f49/element/271d1e3f-d739-4a17-a669-340156e4aede/click HTTP/1.1
User-Agent: selenium/4.8.2 (java windows)
Content-Length: 50
Content-Type: application/json; charset=utf-8
host: localhost:37189
accept: */*

Response DefaultHttpResponse(decodeResult: success, version: HTTP/1.1)
HTTP/1.1 200 OK
Content-Length: 14
Content-Type: application/json; charset=utf-8
cache-control: no-cache

[DEBUG] Adding key: http://localhost:37189 for channel [id: 0x7151e1bc, L:/127.0.0.1:52360 - R:localhost/127.0.0.1:37189]
[DEBUG] Using pooled Channel '[id: 0x7151e1bc, L:/127.0.0.1:52360 - R:localhost/127.0.0.1:37189]' for 'POST' to 'http://localhost:37189/session/06c76e39e3cc06ba1210ce3891121f49/element'
[DEBUG] Using open Channel [id: 0x7151e1bc, L:/127.0.0.1:52360 - R:localhost/127.0.0.1:37189] for POST '/session/06c76e39e3cc06ba1210ce3891121f49/element'
[DEBUG] 

Request DefaultHttpRequest(decodeResult: success, version: HTTP/1.1)
POST /session/06c76e39e3cc06ba1210ce3891121f49/element HTTP/1.1
User-Agent: selenium/4.8.2 (java windows)
Content-Length: 90
Content-Type: application/json; charset=utf-8
host: localhost:37189
accept: */*

Response DefaultHttpResponse(decodeResult: success, version: HTTP/1.1)
HTTP/1.1 200 OK
Content-Length: 88
Content-Type: application/json; charset=utf-8
cache-control: no-cache

[DEBUG] Adding key: http://localhost:37189 for channel [id: 0x7151e1bc, L:/127.0.0.1:52360 - R:localhost/127.0.0.1:37189]
[DEBUG] Using pooled Channel '[id: 0x7151e1bc, L:/127.0.0.1:52360 - R:localhost/127.0.0.1:37189]' for 'GET' to 'http://localhost:37189/session/06c76e39e3cc06ba1210ce3891121f49/element/4accb52f-6c4b-4bf6-8ef6-64b0f98ee00f/text'
[DEBUG] Using open Channel [id: 0x7151e1bc, L:/127.0.0.1:52360 - R:localhost/127.0.0.1:37189] for GET '/session/06c76e39e3cc06ba1210ce3891121f49/element/4accb52f-6c4b-4bf6-8ef6-64b0f98ee00f/text'
[DEBUG] 

Request DefaultFullHttpRequest(decodeResult: success, version: HTTP/1.1, content: EmptyByteBufBE)
GET /session/06c76e39e3cc06ba1210ce3891121f49/element/4accb52f-6c4b-4bf6-8ef6-64b0f98ee00f/text HTTP/1.1
User-Agent: selenium/4.8.2 (java windows)
Cache-Control: no-cache
Content-Type: application/json; charset=utf-8
host: localhost:37189
accept: */*

Response DefaultHttpResponse(decodeResult: success, version: HTTP/1.1)
HTTP/1.1 200 OK
Content-Length: 24
Content-Type: application/json; charset=utf-8
cache-control: no-cache

[DEBUG] Adding key: http://localhost:37189 for channel [id: 0x7151e1bc, L:/127.0.0.1:52360 - R:localhost/127.0.0.1:37189]
[INFO] Logging to Logger[org.mortbay.log] via org.mortbay.log.Slf4jLog
[INFO] Get in Touch is visible
[DEBUG] Using pooled Channel '[id: 0x7151e1bc, L:/127.0.0.1:52360 - R:localhost/127.0.0.1:37189]' for 'POST' to 'http://localhost:37189/session/06c76e39e3cc06ba1210ce3891121f49/element'
[DEBUG] Using open Channel [id: 0x7151e1bc, L:/127.0.0.1:52360 - R:localhost/127.0.0.1:37189] for POST '/session/06c76e39e3cc06ba1210ce3891121f49/element'
[DEBUG] 

Request DefaultHttpRequest(decodeResult: success, version: HTTP/1.1)
POST /session/06c76e39e3cc06ba1210ce3891121f49/element HTTP/1.1
User-Agent: selenium/4.8.2 (java windows)
Content-Length: 71
Content-Type: application/json; charset=utf-8
host: localhost:37189
accept: */*

Response DefaultHttpResponse(decodeResult: success, version: HTTP/1.1)
HTTP/1.1 200 OK
Content-Length: 88
Content-Type: application/json; charset=utf-8
cache-control: no-cache

[DEBUG] Adding key: http://localhost:37189 for channel [id: 0x7151e1bc, L:/127.0.0.1:52360 - R:localhost/127.0.0.1:37189]
[DEBUG] Using pooled Channel '[id: 0x7151e1bc, L:/127.0.0.1:52360 - R:localhost/127.0.0.1:37189]' for 'POST' to 'http://localhost:37189/session/06c76e39e3cc06ba1210ce3891121f49/element/7a7aa51b-f02f-4fa6-9e91-82f234d22ba6/clear'
[DEBUG] Using open Channel [id: 0x7151e1bc, L:/127.0.0.1:52360 - R:localhost/127.0.0.1:37189] for POST '/session/06c76e39e3cc06ba1210ce3891121f49/element/7a7aa51b-f02f-4fa6-9e91-82f234d22ba6/clear'
[DEBUG] 

Request DefaultHttpRequest(decodeResult: success, version: HTTP/1.1)
POST /session/06c76e39e3cc06ba1210ce3891121f49/element/7a7aa51b-f02f-4fa6-9e91-82f234d22ba6/clear HTTP/1.1
User-Agent: selenium/4.8.2 (java windows)
Content-Length: 50
Content-Type: application/json; charset=utf-8
host: localhost:37189
accept: */*

Response DefaultHttpResponse(decodeResult: success, version: HTTP/1.1)
HTTP/1.1 200 OK
Content-Length: 14
Content-Type: application/json; charset=utf-8
cache-control: no-cache

[DEBUG] Adding key: http://localhost:37189 for channel [id: 0x7151e1bc, L:/127.0.0.1:52360 - R:localhost/127.0.0.1:37189]
[DEBUG] Using pooled Channel '[id: 0x7151e1bc, L:/127.0.0.1:52360 - R:localhost/127.0.0.1:37189]' for 'POST' to 'http://localhost:37189/session/06c76e39e3cc06ba1210ce3891121f49/element'
[DEBUG] Using open Channel [id: 0x7151e1bc, L:/127.0.0.1:52360 - R:localhost/127.0.0.1:37189] for POST '/session/06c76e39e3cc06ba1210ce3891121f49/element'
[DEBUG] 

Request DefaultHttpRequest(decodeResult: success, version: HTTP/1.1)
POST /session/06c76e39e3cc06ba1210ce3891121f49/element HTTP/1.1
User-Agent: selenium/4.8.2 (java windows)
Content-Length: 71
Content-Type: application/json; charset=utf-8
host: localhost:37189
accept: */*

Response DefaultHttpResponse(decodeResult: success, version: HTTP/1.1)
HTTP/1.1 200 OK
Content-Length: 88
Content-Type: application/json; charset=utf-8
cache-control: no-cache

[DEBUG] Adding key: http://localhost:37189 for channel [id: 0x7151e1bc, L:/127.0.0.1:52360 - R:localhost/127.0.0.1:37189]
[DEBUG] Using pooled Channel '[id: 0x7151e1bc, L:/127.0.0.1:52360 - R:localhost/127.0.0.1:37189]' for 'POST' to 'http://localhost:37189/session/06c76e39e3cc06ba1210ce3891121f49/element/7a7aa51b-f02f-4fa6-9e91-82f234d22ba6/value'
[DEBUG] Using open Channel [id: 0x7151e1bc, L:/127.0.0.1:52360 - R:localhost/127.0.0.1:37189] for POST '/session/06c76e39e3cc06ba1210ce3891121f49/element/7a7aa51b-f02f-4fa6-9e91-82f234d22ba6/value'
[DEBUG] 

Request DefaultHttpRequest(decodeResult: success, version: HTTP/1.1)
POST /session/06c76e39e3cc06ba1210ce3891121f49/element/7a7aa51b-f02f-4fa6-9e91-82f234d22ba6/value HTTP/1.1
User-Agent: selenium/4.8.2 (java windows)
Content-Length: 121
Content-Type: application/json; charset=utf-8
host: localhost:37189
accept: */*

Response DefaultHttpResponse(decodeResult: success, version: HTTP/1.1)
HTTP/1.1 200 OK
Content-Length: 14
Content-Type: application/json; charset=utf-8
cache-control: no-cache

[DEBUG] Adding key: http://localhost:37189 for channel [id: 0x7151e1bc, L:/127.0.0.1:52360 - R:localhost/127.0.0.1:37189]
[DEBUG] Using pooled Channel '[id: 0x7151e1bc, L:/127.0.0.1:52360 - R:localhost/127.0.0.1:37189]' for 'POST' to 'http://localhost:37189/session/06c76e39e3cc06ba1210ce3891121f49/element'
[DEBUG] Using open Channel [id: 0x7151e1bc, L:/127.0.0.1:52360 - R:localhost/127.0.0.1:37189] for POST '/session/06c76e39e3cc06ba1210ce3891121f49/element'
[DEBUG] 

Request DefaultHttpRequest(decodeResult: success, version: HTTP/1.1)
POST /session/06c76e39e3cc06ba1210ce3891121f49/element HTTP/1.1
User-Agent: selenium/4.8.2 (java windows)
Content-Length: 72
Content-Type: application/json; charset=utf-8
host: localhost:37189
accept: */*

Response DefaultHttpResponse(decodeResult: success, version: HTTP/1.1)
HTTP/1.1 200 OK
Content-Length: 88
Content-Type: application/json; charset=utf-8
cache-control: no-cache

[DEBUG] Adding key: http://localhost:37189 for channel [id: 0x7151e1bc, L:/127.0.0.1:52360 - R:localhost/127.0.0.1:37189]
[DEBUG] Using pooled Channel '[id: 0x7151e1bc, L:/127.0.0.1:52360 - R:localhost/127.0.0.1:37189]' for 'POST' to 'http://localhost:37189/session/06c76e39e3cc06ba1210ce3891121f49/element/94a99479-20ac-4d36-ab91-ca7ed23417e5/clear'
[DEBUG] Using open Channel [id: 0x7151e1bc, L:/127.0.0.1:52360 - R:localhost/127.0.0.1:37189] for POST '/session/06c76e39e3cc06ba1210ce3891121f49/element/94a99479-20ac-4d36-ab91-ca7ed23417e5/clear'
[DEBUG] 

Request DefaultHttpRequest(decodeResult: success, version: HTTP/1.1)
POST /session/06c76e39e3cc06ba1210ce3891121f49/element/94a99479-20ac-4d36-ab91-ca7ed23417e5/clear HTTP/1.1
User-Agent: selenium/4.8.2 (java windows)
Content-Length: 50
Content-Type: application/json; charset=utf-8
host: localhost:37189
accept: */*

Response DefaultHttpResponse(decodeResult: success, version: HTTP/1.1)
HTTP/1.1 200 OK
Content-Length: 14
Content-Type: application/json; charset=utf-8
cache-control: no-cache

[DEBUG] Adding key: http://localhost:37189 for channel [id: 0x7151e1bc, L:/127.0.0.1:52360 - R:localhost/127.0.0.1:37189]
[DEBUG] Using pooled Channel '[id: 0x7151e1bc, L:/127.0.0.1:52360 - R:localhost/127.0.0.1:37189]' for 'POST' to 'http://localhost:37189/session/06c76e39e3cc06ba1210ce3891121f49/element'
[DEBUG] Using open Channel [id: 0x7151e1bc, L:/127.0.0.1:52360 - R:localhost/127.0.0.1:37189] for POST '/session/06c76e39e3cc06ba1210ce3891121f49/element'
[DEBUG] 

Request DefaultHttpRequest(decodeResult: success, version: HTTP/1.1)
POST /session/06c76e39e3cc06ba1210ce3891121f49/element HTTP/1.1
User-Agent: selenium/4.8.2 (java windows)
Content-Length: 72
Content-Type: application/json; charset=utf-8
host: localhost:37189
accept: */*

Response DefaultHttpResponse(decodeResult: success, version: HTTP/1.1)
HTTP/1.1 200 OK
Content-Length: 88
Content-Type: application/json; charset=utf-8
cache-control: no-cache

[DEBUG] Adding key: http://localhost:37189 for channel [id: 0x7151e1bc, L:/127.0.0.1:52360 - R:localhost/127.0.0.1:37189]
[DEBUG] Using pooled Channel '[id: 0x7151e1bc, L:/127.0.0.1:52360 - R:localhost/127.0.0.1:37189]' for 'POST' to 'http://localhost:37189/session/06c76e39e3cc06ba1210ce3891121f49/element/94a99479-20ac-4d36-ab91-ca7ed23417e5/value'
[DEBUG] Using open Channel [id: 0x7151e1bc, L:/127.0.0.1:52360 - R:localhost/127.0.0.1:37189] for POST '/session/06c76e39e3cc06ba1210ce3891121f49/element/94a99479-20ac-4d36-ab91-ca7ed23417e5/value'
[DEBUG] 

Request DefaultHttpRequest(decodeResult: success, version: HTTP/1.1)
POST /session/06c76e39e3cc06ba1210ce3891121f49/element/94a99479-20ac-4d36-ab91-ca7ed23417e5/value HTTP/1.1
User-Agent: selenium/4.8.2 (java windows)
Content-Length: 241
Content-Type: application/json; charset=utf-8
host: localhost:37189
accept: */*

Response DefaultHttpResponse(decodeResult: success, version: HTTP/1.1)
HTTP/1.1 200 OK
Content-Length: 14
Content-Type: application/json; charset=utf-8
cache-control: no-cache

[DEBUG] Adding key: http://localhost:37189 for channel [id: 0x7151e1bc, L:/127.0.0.1:52360 - R:localhost/127.0.0.1:37189]
[DEBUG] Using pooled Channel '[id: 0x7151e1bc, L:/127.0.0.1:52360 - R:localhost/127.0.0.1:37189]' for 'POST' to 'http://localhost:37189/session/06c76e39e3cc06ba1210ce3891121f49/element'
[DEBUG] Using open Channel [id: 0x7151e1bc, L:/127.0.0.1:52360 - R:localhost/127.0.0.1:37189] for POST '/session/06c76e39e3cc06ba1210ce3891121f49/element'
[DEBUG] 

Request DefaultHttpRequest(decodeResult: success, version: HTTP/1.1)
POST /session/06c76e39e3cc06ba1210ce3891121f49/element HTTP/1.1
User-Agent: selenium/4.8.2 (java windows)
Content-Length: 74
Content-Type: application/json; charset=utf-8
host: localhost:37189
accept: */*

Response DefaultHttpResponse(decodeResult: success, version: HTTP/1.1)
HTTP/1.1 200 OK
Content-Length: 88
Content-Type: application/json; charset=utf-8
cache-control: no-cache

[DEBUG] Adding key: http://localhost:37189 for channel [id: 0x7151e1bc, L:/127.0.0.1:52360 - R:localhost/127.0.0.1:37189]
[DEBUG] Using pooled Channel '[id: 0x7151e1bc, L:/127.0.0.1:52360 - R:localhost/127.0.0.1:37189]' for 'POST' to 'http://localhost:37189/session/06c76e39e3cc06ba1210ce3891121f49/element/6fc576c2-3a0c-44fc-a045-9d74381f196e/clear'
[DEBUG] Using open Channel [id: 0x7151e1bc, L:/127.0.0.1:52360 - R:localhost/127.0.0.1:37189] for POST '/session/06c76e39e3cc06ba1210ce3891121f49/element/6fc576c2-3a0c-44fc-a045-9d74381f196e/clear'
[DEBUG] 

Request DefaultHttpRequest(decodeResult: success, version: HTTP/1.1)
POST /session/06c76e39e3cc06ba1210ce3891121f49/element/6fc576c2-3a0c-44fc-a045-9d74381f196e/clear HTTP/1.1
User-Agent: selenium/4.8.2 (java windows)
Content-Length: 50
Content-Type: application/json; charset=utf-8
host: localhost:37189
accept: */*

Response DefaultHttpResponse(decodeResult: success, version: HTTP/1.1)
HTTP/1.1 200 OK
Content-Length: 14
Content-Type: application/json; charset=utf-8
cache-control: no-cache

[DEBUG] Adding key: http://localhost:37189 for channel [id: 0x7151e1bc, L:/127.0.0.1:52360 - R:localhost/127.0.0.1:37189]
[DEBUG] Using pooled Channel '[id: 0x7151e1bc, L:/127.0.0.1:52360 - R:localhost/127.0.0.1:37189]' for 'POST' to 'http://localhost:37189/session/06c76e39e3cc06ba1210ce3891121f49/element'
[DEBUG] Using open Channel [id: 0x7151e1bc, L:/127.0.0.1:52360 - R:localhost/127.0.0.1:37189] for POST '/session/06c76e39e3cc06ba1210ce3891121f49/element'
[DEBUG] 

Request DefaultHttpRequest(decodeResult: success, version: HTTP/1.1)
POST /session/06c76e39e3cc06ba1210ce3891121f49/element HTTP/1.1
User-Agent: selenium/4.8.2 (java windows)
Content-Length: 74
Content-Type: application/json; charset=utf-8
host: localhost:37189
accept: */*

Response DefaultHttpResponse(decodeResult: success, version: HTTP/1.1)
HTTP/1.1 200 OK
Content-Length: 88
Content-Type: application/json; charset=utf-8
cache-control: no-cache

[DEBUG] Adding key: http://localhost:37189 for channel [id: 0x7151e1bc, L:/127.0.0.1:52360 - R:localhost/127.0.0.1:37189]
[DEBUG] Using pooled Channel '[id: 0x7151e1bc, L:/127.0.0.1:52360 - R:localhost/127.0.0.1:37189]' for 'POST' to 'http://localhost:37189/session/06c76e39e3cc06ba1210ce3891121f49/element/6fc576c2-3a0c-44fc-a045-9d74381f196e/value'
[DEBUG] Using open Channel [id: 0x7151e1bc, L:/127.0.0.1:52360 - R:localhost/127.0.0.1:37189] for POST '/session/06c76e39e3cc06ba1210ce3891121f49/element/6fc576c2-3a0c-44fc-a045-9d74381f196e/value'
[DEBUG] 

Request DefaultHttpRequest(decodeResult: success, version: HTTP/1.1)
POST /session/06c76e39e3cc06ba1210ce3891121f49/element/6fc576c2-3a0c-44fc-a045-9d74381f196e/value HTTP/1.1
User-Agent: selenium/4.8.2 (java windows)
Content-Length: 161
Content-Type: application/json; charset=utf-8
host: localhost:37189
accept: */*

Response DefaultHttpResponse(decodeResult: success, version: HTTP/1.1)
HTTP/1.1 200 OK
Content-Length: 14
Content-Type: application/json; charset=utf-8
cache-control: no-cache

[DEBUG] Adding key: http://localhost:37189 for channel [id: 0x7151e1bc, L:/127.0.0.1:52360 - R:localhost/127.0.0.1:37189]
[DEBUG] Using pooled Channel '[id: 0x7151e1bc, L:/127.0.0.1:52360 - R:localhost/127.0.0.1:37189]' for 'POST' to 'http://localhost:37189/session/06c76e39e3cc06ba1210ce3891121f49/element'
[DEBUG] Using open Channel [id: 0x7151e1bc, L:/127.0.0.1:52360 - R:localhost/127.0.0.1:37189] for POST '/session/06c76e39e3cc06ba1210ce3891121f49/element'
[DEBUG] 

Request DefaultHttpRequest(decodeResult: success, version: HTTP/1.1)
POST /session/06c76e39e3cc06ba1210ce3891121f49/element HTTP/1.1
User-Agent: selenium/4.8.2 (java windows)
Content-Length: 77
Content-Type: application/json; charset=utf-8
host: localhost:37189
accept: */*

Response DefaultHttpResponse(decodeResult: success, version: HTTP/1.1)
HTTP/1.1 200 OK
Content-Length: 88
Content-Type: application/json; charset=utf-8
cache-control: no-cache

[DEBUG] Adding key: http://localhost:37189 for channel [id: 0x7151e1bc, L:/127.0.0.1:52360 - R:localhost/127.0.0.1:37189]
[DEBUG] Using pooled Channel '[id: 0x7151e1bc, L:/127.0.0.1:52360 - R:localhost/127.0.0.1:37189]' for 'POST' to 'http://localhost:37189/session/06c76e39e3cc06ba1210ce3891121f49/element/1fd44313-da12-43b1-8d5a-7ab36018d44b/clear'
[DEBUG] Using open Channel [id: 0x7151e1bc, L:/127.0.0.1:52360 - R:localhost/127.0.0.1:37189] for POST '/session/06c76e39e3cc06ba1210ce3891121f49/element/1fd44313-da12-43b1-8d5a-7ab36018d44b/clear'
[DEBUG] 

Request DefaultHttpRequest(decodeResult: success, version: HTTP/1.1)
POST /session/06c76e39e3cc06ba1210ce3891121f49/element/1fd44313-da12-43b1-8d5a-7ab36018d44b/clear HTTP/1.1
User-Agent: selenium/4.8.2 (java windows)
Content-Length: 50
Content-Type: application/json; charset=utf-8
host: localhost:37189
accept: */*

Response DefaultHttpResponse(decodeResult: success, version: HTTP/1.1)
HTTP/1.1 200 OK
Content-Length: 14
Content-Type: application/json; charset=utf-8
cache-control: no-cache

[DEBUG] Adding key: http://localhost:37189 for channel [id: 0x7151e1bc, L:/127.0.0.1:52360 - R:localhost/127.0.0.1:37189]
[DEBUG] Using pooled Channel '[id: 0x7151e1bc, L:/127.0.0.1:52360 - R:localhost/127.0.0.1:37189]' for 'POST' to 'http://localhost:37189/session/06c76e39e3cc06ba1210ce3891121f49/element'
[DEBUG] Using open Channel [id: 0x7151e1bc, L:/127.0.0.1:52360 - R:localhost/127.0.0.1:37189] for POST '/session/06c76e39e3cc06ba1210ce3891121f49/element'
[DEBUG] 

Request DefaultHttpRequest(decodeResult: success, version: HTTP/1.1)
POST /session/06c76e39e3cc06ba1210ce3891121f49/element HTTP/1.1
User-Agent: selenium/4.8.2 (java windows)
Content-Length: 77
Content-Type: application/json; charset=utf-8
host: localhost:37189
accept: */*

Response DefaultHttpResponse(decodeResult: success, version: HTTP/1.1)
HTTP/1.1 200 OK
Content-Length: 88
Content-Type: application/json; charset=utf-8
cache-control: no-cache

[DEBUG] Adding key: http://localhost:37189 for channel [id: 0x7151e1bc, L:/127.0.0.1:52360 - R:localhost/127.0.0.1:37189]
[DEBUG] Using pooled Channel '[id: 0x7151e1bc, L:/127.0.0.1:52360 - R:localhost/127.0.0.1:37189]' for 'POST' to 'http://localhost:37189/session/06c76e39e3cc06ba1210ce3891121f49/element/1fd44313-da12-43b1-8d5a-7ab36018d44b/value'
[DEBUG] Using open Channel [id: 0x7151e1bc, L:/127.0.0.1:52360 - R:localhost/127.0.0.1:37189] for POST '/session/06c76e39e3cc06ba1210ce3891121f49/element/1fd44313-da12-43b1-8d5a-7ab36018d44b/value'
[DEBUG] 

Request DefaultHttpRequest(decodeResult: success, version: HTTP/1.1)
POST /session/06c76e39e3cc06ba1210ce3891121f49/element/1fd44313-da12-43b1-8d5a-7ab36018d44b/value HTTP/1.1
User-Agent: selenium/4.8.2 (java windows)
Content-Length: 851
Content-Type: application/json; charset=utf-8
host: localhost:37189
accept: */*

Response DefaultHttpResponse(decodeResult: success, version: HTTP/1.1)
HTTP/1.1 200 OK
Content-Length: 14
Content-Type: application/json; charset=utf-8
cache-control: no-cache

[DEBUG] Adding key: http://localhost:37189 for channel [id: 0x7151e1bc, L:/127.0.0.1:52360 - R:localhost/127.0.0.1:37189]
[DEBUG] Using pooled Channel '[id: 0x7151e1bc, L:/127.0.0.1:52360 - R:localhost/127.0.0.1:37189]' for 'POST' to 'http://localhost:37189/session/06c76e39e3cc06ba1210ce3891121f49/element'
[DEBUG] Using open Channel [id: 0x7151e1bc, L:/127.0.0.1:52360 - R:localhost/127.0.0.1:37189] for POST '/session/06c76e39e3cc06ba1210ce3891121f49/element'
[DEBUG] 

Request DefaultHttpRequest(decodeResult: success, version: HTTP/1.1)
POST /session/06c76e39e3cc06ba1210ce3891121f49/element HTTP/1.1
User-Agent: selenium/4.8.2 (java windows)
Content-Length: 68
Content-Type: application/json; charset=utf-8
host: localhost:37189
accept: */*

Response DefaultHttpResponse(decodeResult: success, version: HTTP/1.1)
HTTP/1.1 200 OK
Content-Length: 88
Content-Type: application/json; charset=utf-8
cache-control: no-cache

[DEBUG] Adding key: http://localhost:37189 for channel [id: 0x7151e1bc, L:/127.0.0.1:52360 - R:localhost/127.0.0.1:37189]
[DEBUG] Using pooled Channel '[id: 0x7151e1bc, L:/127.0.0.1:52360 - R:localhost/127.0.0.1:37189]' for 'POST' to 'http://localhost:37189/session/06c76e39e3cc06ba1210ce3891121f49/element/8af9ceb4-221a-4114-893d-51001bae85f4/click'
[DEBUG] Using open Channel [id: 0x7151e1bc, L:/127.0.0.1:52360 - R:localhost/127.0.0.1:37189] for POST '/session/06c76e39e3cc06ba1210ce3891121f49/element/8af9ceb4-221a-4114-893d-51001bae85f4/click'
[DEBUG] 

Request DefaultHttpRequest(decodeResult: success, version: HTTP/1.1)
POST /session/06c76e39e3cc06ba1210ce3891121f49/element/8af9ceb4-221a-4114-893d-51001bae85f4/click HTTP/1.1
User-Agent: selenium/4.8.2 (java windows)
Content-Length: 50
Content-Type: application/json; charset=utf-8
host: localhost:37189
accept: */*

Response DefaultHttpResponse(decodeResult: success, version: HTTP/1.1)
HTTP/1.1 400 Bad Request
Content-Length: 883
Content-Type: application/json; charset=utf-8
cache-control: no-cache

[DEBUG] Adding key: http://localhost:37189 for channel [id: 0x7151e1bc, L:/127.0.0.1:52360 - R:localhost/127.0.0.1:37189]
[Ljava.lang.StackTraceElement;@4b93dd6a
[DEBUG] Using pooled Channel '[id: 0x7151e1bc, L:/127.0.0.1:52360 - R:localhost/127.0.0.1:37189]' for 'POST' to 'http://localhost:37189/session/06c76e39e3cc06ba1210ce3891121f49/element'
[DEBUG] Using open Channel [id: 0x7151e1bc, L:/127.0.0.1:52360 - R:localhost/127.0.0.1:37189] for POST '/session/06c76e39e3cc06ba1210ce3891121f49/element'
[DEBUG] 

Request DefaultHttpRequest(decodeResult: success, version: HTTP/1.1)
POST /session/06c76e39e3cc06ba1210ce3891121f49/element HTTP/1.1
User-Agent: selenium/4.8.2 (java windows)
Content-Length: 80
Content-Type: application/json; charset=utf-8
host: localhost:37189
accept: */*

Response DefaultHttpResponse(decodeResult: success, version: HTTP/1.1)
HTTP/1.1 200 OK
Content-Length: 88
Content-Type: application/json; charset=utf-8
cache-control: no-cache

[DEBUG] Adding key: http://localhost:37189 for channel [id: 0x7151e1bc, L:/127.0.0.1:52360 - R:localhost/127.0.0.1:37189]
[DEBUG] Using pooled Channel '[id: 0x7151e1bc, L:/127.0.0.1:52360 - R:localhost/127.0.0.1:37189]' for 'POST' to 'http://localhost:37189/session/06c76e39e3cc06ba1210ce3891121f49/element/91027674-3b87-49fc-ae7f-9882e85b509c/click'
[DEBUG] Using open Channel [id: 0x7151e1bc, L:/127.0.0.1:52360 - R:localhost/127.0.0.1:37189] for POST '/session/06c76e39e3cc06ba1210ce3891121f49/element/91027674-3b87-49fc-ae7f-9882e85b509c/click'
[DEBUG] 

Request DefaultHttpRequest(decodeResult: success, version: HTTP/1.1)
POST /session/06c76e39e3cc06ba1210ce3891121f49/element/91027674-3b87-49fc-ae7f-9882e85b509c/click HTTP/1.1
User-Agent: selenium/4.8.2 (java windows)
Content-Length: 50
Content-Type: application/json; charset=utf-8
host: localhost:37189
accept: */*

Response DefaultHttpResponse(decodeResult: success, version: HTTP/1.1)
HTTP/1.1 200 OK
Content-Length: 14
Content-Type: application/json; charset=utf-8
cache-control: no-cache

[DEBUG] Adding key: http://localhost:37189 for channel [id: 0x7151e1bc, L:/127.0.0.1:52360 - R:localhost/127.0.0.1:37189]
[DEBUG] Using pooled Channel '[id: 0x7151e1bc, L:/127.0.0.1:52360 - R:localhost/127.0.0.1:37189]' for 'GET' to 'http://localhost:37189/session/06c76e39e3cc06ba1210ce3891121f49/alert/text'
[DEBUG] Using open Channel [id: 0x7151e1bc, L:/127.0.0.1:52360 - R:localhost/127.0.0.1:37189] for GET '/session/06c76e39e3cc06ba1210ce3891121f49/alert/text'
[DEBUG] 

Request DefaultFullHttpRequest(decodeResult: success, version: HTTP/1.1, content: EmptyByteBufBE)
GET /session/06c76e39e3cc06ba1210ce3891121f49/alert/text HTTP/1.1
User-Agent: selenium/4.8.2 (java windows)
Cache-Control: no-cache
Content-Type: application/json; charset=utf-8
host: localhost:37189
accept: */*

Response DefaultHttpResponse(decodeResult: success, version: HTTP/1.1)
HTTP/1.1 200 OK
Content-Length: 32
Content-Type: application/json; charset=utf-8
cache-control: no-cache

[DEBUG] Adding key: http://localhost:37189 for channel [id: 0x7151e1bc, L:/127.0.0.1:52360 - R:localhost/127.0.0.1:37189]
[DEBUG] Using pooled Channel '[id: 0x7151e1bc, L:/127.0.0.1:52360 - R:localhost/127.0.0.1:37189]' for 'GET' to 'http://localhost:37189/session/06c76e39e3cc06ba1210ce3891121f49/alert/text'
[DEBUG] Using open Channel [id: 0x7151e1bc, L:/127.0.0.1:52360 - R:localhost/127.0.0.1:37189] for GET '/session/06c76e39e3cc06ba1210ce3891121f49/alert/text'
[DEBUG] 

Request DefaultFullHttpRequest(decodeResult: success, version: HTTP/1.1, content: EmptyByteBufBE)
GET /session/06c76e39e3cc06ba1210ce3891121f49/alert/text HTTP/1.1
User-Agent: selenium/4.8.2 (java windows)
Cache-Control: no-cache
Content-Type: application/json; charset=utf-8
host: localhost:37189
accept: */*

Response DefaultHttpResponse(decodeResult: success, version: HTTP/1.1)
HTTP/1.1 200 OK
Content-Length: 32
Content-Type: application/json; charset=utf-8
cache-control: no-cache

[DEBUG] Adding key: http://localhost:37189 for channel [id: 0x7151e1bc, L:/127.0.0.1:52360 - R:localhost/127.0.0.1:37189]
[DEBUG] Using pooled Channel '[id: 0x7151e1bc, L:/127.0.0.1:52360 - R:localhost/127.0.0.1:37189]' for 'POST' to 'http://localhost:37189/session/06c76e39e3cc06ba1210ce3891121f49/alert/accept'
[DEBUG] Using open Channel [id: 0x7151e1bc, L:/127.0.0.1:52360 - R:localhost/127.0.0.1:37189] for POST '/session/06c76e39e3cc06ba1210ce3891121f49/alert/accept'
[DEBUG] 

Request DefaultHttpRequest(decodeResult: success, version: HTTP/1.1)
POST /session/06c76e39e3cc06ba1210ce3891121f49/alert/accept HTTP/1.1
User-Agent: selenium/4.8.2 (java windows)
Content-Length: 3
Content-Type: application/json; charset=utf-8
host: localhost:37189
accept: */*

Response DefaultHttpResponse(decodeResult: success, version: HTTP/1.1)
HTTP/1.1 200 OK
Content-Length: 14
Content-Type: application/json; charset=utf-8
cache-control: no-cache

[DEBUG] Adding key: http://localhost:37189 for channel [id: 0x7151e1bc, L:/127.0.0.1:52360 - R:localhost/127.0.0.1:37189]
[DEBUG] Using pooled Channel '[id: 0x7151e1bc, L:/127.0.0.1:52360 - R:localhost/127.0.0.1:37189]' for 'POST' to 'http://localhost:37189/session/06c76e39e3cc06ba1210ce3891121f49/element'
[DEBUG] Using open Channel [id: 0x7151e1bc, L:/127.0.0.1:52360 - R:localhost/127.0.0.1:37189] for POST '/session/06c76e39e3cc06ba1210ce3891121f49/element'
[DEBUG] 

Request DefaultHttpRequest(decodeResult: success, version: HTTP/1.1)
POST /session/06c76e39e3cc06ba1210ce3891121f49/element HTTP/1.1
User-Agent: selenium/4.8.2 (java windows)
Content-Length: 89
Content-Type: application/json; charset=utf-8
host: localhost:37189
accept: */*

Response DefaultHttpResponse(decodeResult: success, version: HTTP/1.1)
HTTP/1.1 200 OK
Content-Length: 88
Content-Type: application/json; charset=utf-8
cache-control: no-cache

[DEBUG] Adding key: http://localhost:37189 for channel [id: 0x7151e1bc, L:/127.0.0.1:52360 - R:localhost/127.0.0.1:37189]
[DEBUG] Using pooled Channel '[id: 0x7151e1bc, L:/127.0.0.1:52360 - R:localhost/127.0.0.1:37189]' for 'GET' to 'http://localhost:37189/session/06c76e39e3cc06ba1210ce3891121f49/element/21c6afd3-658e-4a96-8e20-08a791d9b077/text'
[DEBUG] Using open Channel [id: 0x7151e1bc, L:/127.0.0.1:52360 - R:localhost/127.0.0.1:37189] for GET '/session/06c76e39e3cc06ba1210ce3891121f49/element/21c6afd3-658e-4a96-8e20-08a791d9b077/text'
[DEBUG] 

Request DefaultFullHttpRequest(decodeResult: success, version: HTTP/1.1, content: EmptyByteBufBE)
GET /session/06c76e39e3cc06ba1210ce3891121f49/element/21c6afd3-658e-4a96-8e20-08a791d9b077/text HTTP/1.1
User-Agent: selenium/4.8.2 (java windows)
Cache-Control: no-cache
Content-Type: application/json; charset=utf-8
host: localhost:37189
accept: */*

Response DefaultHttpResponse(decodeResult: success, version: HTTP/1.1)
HTTP/1.1 200 OK
Content-Length: 67
Content-Type: application/json; charset=utf-8
cache-control: no-cache

[DEBUG] Adding key: http://localhost:37189 for channel [id: 0x7151e1bc, L:/127.0.0.1:52360 - R:localhost/127.0.0.1:37189]
[INFO] Success Message is visible
[DEBUG] Using pooled Channel '[id: 0x7151e1bc, L:/127.0.0.1:52360 - R:localhost/127.0.0.1:37189]' for 'POST' to 'http://localhost:37189/session/06c76e39e3cc06ba1210ce3891121f49/element'
[DEBUG] Using open Channel [id: 0x7151e1bc, L:/127.0.0.1:52360 - R:localhost/127.0.0.1:37189] for POST '/session/06c76e39e3cc06ba1210ce3891121f49/element'
[DEBUG] 

Request DefaultHttpRequest(decodeResult: success, version: HTTP/1.1)
POST /session/06c76e39e3cc06ba1210ce3891121f49/element HTTP/1.1
User-Agent: selenium/4.8.2 (java windows)
Content-Length: 76
Content-Type: application/json; charset=utf-8
host: localhost:37189
accept: */*

Response DefaultHttpResponse(decodeResult: success, version: HTTP/1.1)
HTTP/1.1 200 OK
Content-Length: 88
Content-Type: application/json; charset=utf-8
cache-control: no-cache

[DEBUG] Adding key: http://localhost:37189 for channel [id: 0x7151e1bc, L:/127.0.0.1:52360 - R:localhost/127.0.0.1:37189]
[DEBUG] Using pooled Channel '[id: 0x7151e1bc, L:/127.0.0.1:52360 - R:localhost/127.0.0.1:37189]' for 'POST' to 'http://localhost:37189/session/06c76e39e3cc06ba1210ce3891121f49/element/94a991ef-542e-4624-afe2-84e6566dfc80/click'
[DEBUG] Using open Channel [id: 0x7151e1bc, L:/127.0.0.1:52360 - R:localhost/127.0.0.1:37189] for POST '/session/06c76e39e3cc06ba1210ce3891121f49/element/94a991ef-542e-4624-afe2-84e6566dfc80/click'
[DEBUG] Entry count for : http://localhost:52361 : 1
[DEBUG] Entry count for : http://localhost:52361 : 1
[DEBUG] Entry count for : http://localhost:52361 : 1
[DEBUG] Entry count for : http://localhost:52361 : 1
[DEBUG] Entry count for : http://localhost:52361 : 1
[DEBUG] Entry count for : http://localhost:52361 : 1
[DEBUG] Entry count for : http://localhost:52361 : 1
[DEBUG] Entry count for : http://localhost:52361 : 1
[DEBUG] Entry count for : http://localhost:52361 : 1
[DEBUG] Entry count for : http://localhost:52361 : 1
[DEBUG] Entry count for : http://localhost:52361 : 1
[DEBUG] Entry count for : http://localhost:52361 : 1
[DEBUG] Entry count for : http://localhost:52361 : 1
[DEBUG] Entry count for : http://localhost:52361 : 1
[DEBUG] Entry count for : http://localhost:52361 : 1
[DEBUG] Entry count for : http://localhost:52361 : 1
[DEBUG] Entry count for : http://localhost:52361 : 1
[DEBUG] Entry count for : http://localhost:52361 : 1
[DEBUG] Entry count for : http://localhost:52361 : 1
[DEBUG] Entry count for : http://localhost:52361 : 1
[DEBUG] Entry count for : http://localhost:52361 : 1
[DEBUG] Entry count for : http://localhost:52361 : 1
[DEBUG] Entry count for : http://localhost:52361 : 1
[DEBUG] 

Request DefaultHttpRequest(decodeResult: success, version: HTTP/1.1)
POST /session/06c76e39e3cc06ba1210ce3891121f49/element/94a991ef-542e-4624-afe2-84e6566dfc80/click HTTP/1.1
User-Agent: selenium/4.8.2 (java windows)
Content-Length: 50
Content-Type: application/json; charset=utf-8
host: localhost:37189
accept: */*

Response DefaultHttpResponse(decodeResult: success, version: HTTP/1.1)
HTTP/1.1 200 OK
Content-Length: 14
Content-Type: application/json; charset=utf-8
cache-control: no-cache

[DEBUG] Adding key: http://localhost:37189 for channel [id: 0x7151e1bc, L:/127.0.0.1:52360 - R:localhost/127.0.0.1:37189]
[DEBUG] Using pooled Channel '[id: 0x7151e1bc, L:/127.0.0.1:52360 - R:localhost/127.0.0.1:37189]' for 'POST' to 'http://localhost:37189/session/06c76e39e3cc06ba1210ce3891121f49/element'
[DEBUG] Using open Channel [id: 0x7151e1bc, L:/127.0.0.1:52360 - R:localhost/127.0.0.1:37189] for POST '/session/06c76e39e3cc06ba1210ce3891121f49/element'
[DEBUG] 

Request DefaultHttpRequest(decodeResult: success, version: HTTP/1.1)
POST /session/06c76e39e3cc06ba1210ce3891121f49/element HTTP/1.1
User-Agent: selenium/4.8.2 (java windows)
Content-Length: 92
Content-Type: application/json; charset=utf-8
host: localhost:37189
accept: */*

Response DefaultHttpResponse(decodeResult: success, version: HTTP/1.1)
HTTP/1.1 200 OK
Content-Length: 88
Content-Type: application/json; charset=utf-8
cache-control: no-cache

[DEBUG] Adding key: http://localhost:37189 for channel [id: 0x7151e1bc, L:/127.0.0.1:52360 - R:localhost/127.0.0.1:37189]
[DEBUG] Using pooled Channel '[id: 0x7151e1bc, L:/127.0.0.1:52360 - R:localhost/127.0.0.1:37189]' for 'POST' to 'http://localhost:37189/session/06c76e39e3cc06ba1210ce3891121f49/execute/sync'
[DEBUG] Using open Channel [id: 0x7151e1bc, L:/127.0.0.1:52360 - R:localhost/127.0.0.1:37189] for POST '/session/06c76e39e3cc06ba1210ce3891121f49/execute/sync'
[DEBUG] 

Request DefaultHttpRequest(decodeResult: success, version: HTTP/1.1)
POST /session/06c76e39e3cc06ba1210ce3891121f49/execute/sync HTTP/1.1
User-Agent: selenium/4.8.2 (java windows)
Content-Length: 48807
Content-Type: application/json; charset=utf-8
host: localhost:37189
accept: */*

Response DefaultHttpResponse(decodeResult: success, version: HTTP/1.1)
HTTP/1.1 200 OK
Content-Length: 14
Content-Type: application/json; charset=utf-8
cache-control: no-cache

[DEBUG] Adding key: http://localhost:37189 for channel [id: 0x7151e1bc, L:/127.0.0.1:52360 - R:localhost/127.0.0.1:37189]
[DEBUG] Using pooled Channel '[id: 0x7151e1bc, L:/127.0.0.1:52360 - R:localhost/127.0.0.1:37189]' for 'DELETE' to 'http://localhost:37189/session/06c76e39e3cc06ba1210ce3891121f49/window'
[DEBUG] Using open Channel [id: 0x7151e1bc, L:/127.0.0.1:52360 - R:localhost/127.0.0.1:37189] for DELETE '/session/06c76e39e3cc06ba1210ce3891121f49/window'
[DEBUG] 

Request DefaultFullHttpRequest(decodeResult: success, version: HTTP/1.1, content: EmptyByteBufBE)
DELETE /session/06c76e39e3cc06ba1210ce3891121f49/window HTTP/1.1
User-Agent: selenium/4.8.2 (java windows)
Content-Type: application/json; charset=utf-8
host: localhost:37189
accept: */*

Response DefaultHttpResponse(decodeResult: success, version: HTTP/1.1)
HTTP/1.1 200 OK
Content-Length: 46
Content-Type: application/json; charset=utf-8
cache-control: no-cache

[DEBUG] Adding key: http://localhost:37189 for channel [id: 0x7151e1bc, L:/127.0.0.1:52360 - R:localhost/127.0.0.1:37189]
]]></system-out>
    <system-err><![CDATA[Starting ChromeDriver 112.0.5615.49 (bd2a7bcb881c11e8cfe3078709382934e3916914-refs/branch-heads/5615@{#936}) on port 37189
Only local connections are allowed.
Please see https://chromedriver.chromium.org/security-considerations for suggestions on keeping ChromeDriver safe.
ChromeDriver was started successfully.
Apr 19, 2023 9:25:13 PM org.openqa.selenium.devtools.CdpVersionFinder findNearestMatch
WARNING: Unable to find an exact match for CDP version 112, so returning the closest version found: 111
]]></system-err>
  </testcase>
</testsuite>