<?xml version="1.0" encoding="UTF-8"?>
<testsuite xmlns:xsi="http://www.w3.org/2001/XMLSchema-instance" xsi:noNamespaceSchemaLocation="https://maven.apache.org/surefire/maven-surefire-plugin/xsd/surefire-test-report-3.0.xsd" version="3.0" name="TestSuite" time="54.181" tests="1" errors="0" skipped="0" failures="0">
  <properties>
[...]
</properties>
  <testcase name="runScenario[&quot;Verify Product quantity in Cart scenario&quot;, &quot;Verify Product quantity in Cart Feature&quot;](1)" classname="testRunner.Run" time="50.321">
    <system-out><![CDATA[Setup the browser
chrome
[DEBUG] Using SLF4J as the default logging framework
[DEBUG] -Dio.netty.leakDetection.level: simple
[DEBUG] -Dio.netty.leakDetection.targetRecords: 4
[DEBUG] Loaded default ResourceLeakDetector: io.netty.util.ResourceLeakDetector@12bbfc54
[DEBUG] -Dio.netty.noUnsafe: false
[DEBUG] Java version: 17
[DEBUG] sun.misc.Unsafe.theUnsafe: available
[DEBUG] sun.misc.Unsafe.copyMemory: available
[DEBUG] sun.misc.Unsafe.storeFence: available
[DEBUG] java.nio.Buffer.address: available
[DEBUG] direct buffer constructor: unavailable: Reflective setAccessible(true) disabled
[DEBUG] java.nio.Bits.unaligned: available, true
[DEBUG] jdk.internal.misc.Unsafe.allocateUninitializedArray(int): unavailable: class io.netty.util.internal.PlatformDependent0$7 cannot access class jdk.internal.misc.Unsafe (in module java.base) because module java.base does not export jdk.internal.misc to unnamed module @306f16f3
[DEBUG] java.nio.DirectByteBuffer.<init>(long, int): unavailable
[DEBUG] sun.misc.Unsafe: available
[DEBUG] maxDirectMemory: 2103443456 bytes (maybe)
[DEBUG] -Dio.netty.tmpdir: C:\Users\abrar\AppData\Local\Temp (java.io.tmpdir)
[DEBUG] -Dio.netty.bitMode: 64 (sun.arch.data.model)
[DEBUG] Platform: Windows
[DEBUG] -Dio.netty.maxDirectMemory: -1 bytes
[DEBUG] -Dio.netty.uninitializedArrayAllocationThreshold: -1
[DEBUG] java.nio.ByteBuffer.cleaner(): available
[DEBUG] -Dio.netty.noPreferDirect: false
[DEBUG] org.jctools-core.MpscChunkedArrayQueue: available
[DEBUG] -Dio.netty.threadLocalMap.stringBuilder.initialSize: 1024
[DEBUG] -Dio.netty.threadLocalMap.stringBuilder.maxSize: 4096
[DEBUG] Default protocols (JDK): [TLSv1.3, TLSv1.2] 
[DEBUG] Default cipher suites (JDK): [TLS_ECDHE_ECDSA_WITH_AES_256_GCM_SHA384, TLS_ECDHE_ECDSA_WITH_AES_128_GCM_SHA256, TLS_ECDHE_RSA_WITH_AES_128_GCM_SHA256, TLS_ECDHE_RSA_WITH_AES_256_GCM_SHA384, TLS_ECDHE_RSA_WITH_AES_128_CBC_SHA, TLS_ECDHE_RSA_WITH_AES_256_CBC_SHA, TLS_RSA_WITH_AES_128_GCM_SHA256, TLS_RSA_WITH_AES_128_CBC_SHA, TLS_RSA_WITH_AES_256_CBC_SHA, TLS_AES_128_GCM_SHA256, TLS_AES_256_GCM_SHA384]
[DEBUG] -Dio.netty.globalEventExecutor.quietPeriodSeconds: 1
[DEBUG] -Dio.netty.eventLoopThreads: 16
[DEBUG] -Dio.netty.noKeySetOptimization: false
[DEBUG] -Dio.netty.selectorAutoRebuildThreshold: 512
[DEBUG] -Dio.netty.allocator.numHeapArenas: 16
[DEBUG] -Dio.netty.allocator.numDirectArenas: 16
[DEBUG] -Dio.netty.allocator.pageSize: 8192
[DEBUG] -Dio.netty.allocator.maxOrder: 9
[DEBUG] -Dio.netty.allocator.chunkSize: 4194304
[DEBUG] -Dio.netty.allocator.smallCacheSize: 256
[DEBUG] -Dio.netty.allocator.normalCacheSize: 64
[DEBUG] -Dio.netty.allocator.maxCachedBufferCapacity: 32768
[DEBUG] -Dio.netty.allocator.cacheTrimInterval: 8192
[DEBUG] -Dio.netty.allocator.cacheTrimIntervalMillis: 0
[DEBUG] -Dio.netty.allocator.useCacheForAllThreads: false
[DEBUG] -Dio.netty.allocator.maxCachedByteBuffersPerChunk: 1023
[DEBUG] -Dio.netty.allocator.type: pooled
[DEBUG] -Dio.netty.threadLocalDirectBufferSize: 0
[DEBUG] -Dio.netty.maxThreadLocalCharBufferSize: 16384
[DEBUG] -Dio.netty.processId: 8552 (auto-detected)
[DEBUG] -Djava.net.preferIPv4Stack: false
[DEBUG] -Djava.net.preferIPv6Addresses: false
[DEBUG] Loopback interface: lo (Software Loopback Interface 1, 127.0.0.1)
[DEBUG] Failed to get SOMAXCONN from sysctl and file \proc\sys\net\core\somaxconn. Default: 200
[DEBUG] -Dio.netty.machineId: a8:7e:ea:ff:fe:83:b1:e8 (auto-detected)
[DEBUG] -Dio.netty.buffer.checkAccessible: true
[DEBUG] -Dio.netty.buffer.checkBounds: true
[DEBUG] Loaded default ResourceLeakDetector: io.netty.util.ResourceLeakDetector@4c384a75
[DEBUG] Using new Channel '[id: 0xed1a8d22, L:/127.0.0.1:51052 - R:localhost/127.0.0.1:4855]' for 'POST' to '/session'
[DEBUG] -Dio.netty.recycler.maxCapacityPerThread: 4096
[DEBUG] -Dio.netty.recycler.ratio: 8
[DEBUG] -Dio.netty.recycler.chunkSize: 32
[DEBUG] -Dio.netty.recycler.blocking: false
[DEBUG] -Dio.netty.recycler.batchFastThreadLocalOnly: true
[DEBUG] brotli4j not in the classpath; Brotli support will be unavailable.
[DEBUG] 

Request DefaultHttpRequest(decodeResult: success, version: HTTP/1.1)
POST /session HTTP/1.1
User-Agent: selenium/4.8.2 (java windows)
Content-Length: 5765133
Content-Type: application/json; charset=utf-8
host: localhost:4855
accept: */*

Response DefaultHttpResponse(decodeResult: success, version: HTTP/1.1)
HTTP/1.1 200 OK
Content-Length: 859
Content-Type: application/json; charset=utf-8
cache-control: no-cache

[DEBUG] Adding key: http://localhost:4855 for channel [id: 0xed1a8d22, L:/127.0.0.1:51052 - R:localhost/127.0.0.1:4855]
[DEBUG] Using new Channel '[id: 0x694d63fa, L:/127.0.0.1:51063 - R:localhost/127.0.0.1:51053]' for 'GET' to '/json/version'
[DEBUG] 

Request DefaultFullHttpRequest(decodeResult: success, version: HTTP/1.1, content: EmptyByteBufBE)
GET /json/version HTTP/1.1
User-Agent: selenium/4.8.2 (java windows)
host: localhost:51053
accept: */*

Response DefaultHttpResponse(decodeResult: success, version: HTTP/1.1)
HTTP/1.1 200 OK
Content-Security-Policy: frame-ancestors 'none'
Content-Length: 424
Content-Type: application/json; charset=UTF-8

[DEBUG] Adding key: http://localhost:51053 for channel [id: 0x694d63fa, L:/127.0.0.1:51063 - R:localhost/127.0.0.1:51053]
[DEBUG] -Dio.netty.initialSeedUniquifier: 0xf43a05224476e79e
[DEBUG] Using new Channel '[id: 0x5721db23, L:/127.0.0.1:51065 - R:localhost/127.0.0.1:51053]' for 'GET' to '/devtools/browser/890f43fc-9226-4c20-b814-a5647090c1d2'
[DEBUG] 

Request DefaultFullHttpRequest(decodeResult: success, version: HTTP/1.1, content: EmptyByteBufBE)
GET /devtools/browser/890f43fc-9226-4c20-b814-a5647090c1d2 HTTP/1.1
upgrade: websocket
connection: upgrade
sec-websocket-key: Yn+SXjN5s2k1R0Ki8KEfew==
sec-websocket-version: 13
origin: http://localhost:51053
host: localhost:51053
accept: */*
user-agent: AHC/2.1

Response DefaultHttpResponse(decodeResult: success, version: HTTP/1.1)
HTTP/1.1 101 WebSocket Protocol Handshake
Upgrade: WebSocket
Connection: Upgrade
Sec-WebSocket-Accept: ewlvhZIOz2z0k/sGtsojw4t/Wo8=

[DEBUG] Entry count for : http://localhost:4855 : 1
[DEBUG] Entry count for : http://localhost:51053 : 1
[DEBUG] Using pooled Channel '[id: 0xed1a8d22, L:/127.0.0.1:51052 - R:localhost/127.0.0.1:4855]' for 'POST' to 'http://localhost:4855/session/19811f194e6d2175e7b809a74a3d60d6/url'
[DEBUG] Using open Channel [id: 0xed1a8d22, L:/127.0.0.1:51052 - R:localhost/127.0.0.1:4855] for POST '/session/19811f194e6d2175e7b809a74a3d60d6/url'
[DEBUG] Entry count for : http://localhost:51053 : 1
[DEBUG] Entry count for : http://localhost:51053 : 1
[DEBUG] Entry count for : http://localhost:51053 : 1
[DEBUG] Entry count for : http://localhost:51053 : 1
[DEBUG] Entry count for : http://localhost:51053 : 1
[DEBUG] Entry count for : http://localhost:51053 : 1
[DEBUG] Entry count for : http://localhost:51053 : 1
[DEBUG] Entry count for : http://localhost:51053 : 1
[DEBUG] Entry count for : http://localhost:51053 : 1
[DEBUG] Entry count for : http://localhost:51053 : 1
[DEBUG] Entry count for : http://localhost:51053 : 1
[DEBUG] 

Request DefaultHttpRequest(decodeResult: success, version: HTTP/1.1)
POST /session/19811f194e6d2175e7b809a74a3d60d6/url HTTP/1.1
User-Agent: selenium/4.8.2 (java windows)
Content-Length: 54
Content-Type: application/json; charset=utf-8
host: localhost:4855
accept: */*

Response DefaultHttpResponse(decodeResult: success, version: HTTP/1.1)
HTTP/1.1 200 OK
Content-Length: 14
Content-Type: application/json; charset=utf-8
cache-control: no-cache

[DEBUG] Adding key: http://localhost:4855 for channel [id: 0xed1a8d22, L:/127.0.0.1:51052 - R:localhost/127.0.0.1:4855]
[DEBUG] Using pooled Channel '[id: 0xed1a8d22, L:/127.0.0.1:51052 - R:localhost/127.0.0.1:4855]' for 'POST' to 'http://localhost:4855/session/19811f194e6d2175e7b809a74a3d60d6/window/maximize'
[DEBUG] Using open Channel [id: 0xed1a8d22, L:/127.0.0.1:51052 - R:localhost/127.0.0.1:4855] for POST '/session/19811f194e6d2175e7b809a74a3d60d6/window/maximize'
[DEBUG] 

Request DefaultHttpRequest(decodeResult: success, version: HTTP/1.1)
POST /session/19811f194e6d2175e7b809a74a3d60d6/window/maximize HTTP/1.1
User-Agent: selenium/4.8.2 (java windows)
Content-Length: 3
Content-Type: application/json; charset=utf-8
host: localhost:4855
accept: */*

Response DefaultHttpResponse(decodeResult: success, version: HTTP/1.1)
HTTP/1.1 200 OK
Content-Length: 51
Content-Type: application/json; charset=utf-8
cache-control: no-cache

[DEBUG] Adding key: http://localhost:4855 for channel [id: 0xed1a8d22, L:/127.0.0.1:51052 - R:localhost/127.0.0.1:4855]
[DEBUG] Using pooled Channel '[id: 0xed1a8d22, L:/127.0.0.1:51052 - R:localhost/127.0.0.1:4855]' for 'POST' to 'http://localhost:4855/session/19811f194e6d2175e7b809a74a3d60d6/timeouts'
[DEBUG] Using open Channel [id: 0xed1a8d22, L:/127.0.0.1:51052 - R:localhost/127.0.0.1:4855] for POST '/session/19811f194e6d2175e7b809a74a3d60d6/timeouts'
[DEBUG] 

Request DefaultHttpRequest(decodeResult: success, version: HTTP/1.1)
POST /session/19811f194e6d2175e7b809a74a3d60d6/timeouts HTTP/1.1
User-Agent: selenium/4.8.2 (java windows)
Content-Length: 23
Content-Type: application/json; charset=utf-8
host: localhost:4855
accept: */*

Response DefaultHttpResponse(decodeResult: success, version: HTTP/1.1)
HTTP/1.1 200 OK
Content-Length: 14
Content-Type: application/json; charset=utf-8
cache-control: no-cache

[DEBUG] Adding key: http://localhost:4855 for channel [id: 0xed1a8d22, L:/127.0.0.1:51052 - R:localhost/127.0.0.1:4855]
[DEBUG] Using pooled Channel '[id: 0xed1a8d22, L:/127.0.0.1:51052 - R:localhost/127.0.0.1:4855]' for 'GET' to 'http://localhost:4855/session/19811f194e6d2175e7b809a74a3d60d6/window'
[DEBUG] Using open Channel [id: 0xed1a8d22, L:/127.0.0.1:51052 - R:localhost/127.0.0.1:4855] for GET '/session/19811f194e6d2175e7b809a74a3d60d6/window'
[DEBUG] 

Request DefaultFullHttpRequest(decodeResult: success, version: HTTP/1.1, content: EmptyByteBufBE)
GET /session/19811f194e6d2175e7b809a74a3d60d6/window HTTP/1.1
User-Agent: selenium/4.8.2 (java windows)
Cache-Control: no-cache
Content-Type: application/json; charset=utf-8
host: localhost:4855
accept: */*

Response DefaultHttpResponse(decodeResult: success, version: HTTP/1.1)
HTTP/1.1 200 OK
Content-Length: 44
Content-Type: application/json; charset=utf-8
cache-control: no-cache

[DEBUG] Adding key: http://localhost:4855 for channel [id: 0xed1a8d22, L:/127.0.0.1:51052 - R:localhost/127.0.0.1:4855]
[DEBUG] Using pooled Channel '[id: 0xed1a8d22, L:/127.0.0.1:51052 - R:localhost/127.0.0.1:4855]' for 'GET' to 'http://localhost:4855/session/19811f194e6d2175e7b809a74a3d60d6/window/handles'
[DEBUG] Using open Channel [id: 0xed1a8d22, L:/127.0.0.1:51052 - R:localhost/127.0.0.1:4855] for GET '/session/19811f194e6d2175e7b809a74a3d60d6/window/handles'
[DEBUG] 

Request DefaultFullHttpRequest(decodeResult: success, version: HTTP/1.1, content: EmptyByteBufBE)
GET /session/19811f194e6d2175e7b809a74a3d60d6/window/handles HTTP/1.1
User-Agent: selenium/4.8.2 (java windows)
Cache-Control: no-cache
Content-Type: application/json; charset=utf-8
host: localhost:4855
accept: */*

Response DefaultHttpResponse(decodeResult: success, version: HTTP/1.1)
HTTP/1.1 200 OK
Content-Length: 81
Content-Type: application/json; charset=utf-8
cache-control: no-cache

[DEBUG] Adding key: http://localhost:4855 for channel [id: 0xed1a8d22, L:/127.0.0.1:51052 - R:localhost/127.0.0.1:4855]
[DEBUG] Using pooled Channel '[id: 0xed1a8d22, L:/127.0.0.1:51052 - R:localhost/127.0.0.1:4855]' for 'POST' to 'http://localhost:4855/session/19811f194e6d2175e7b809a74a3d60d6/window'
[DEBUG] Using open Channel [id: 0xed1a8d22, L:/127.0.0.1:51052 - R:localhost/127.0.0.1:4855] for POST '/session/19811f194e6d2175e7b809a74a3d60d6/window'
[DEBUG] 

Request DefaultHttpRequest(decodeResult: success, version: HTTP/1.1)
POST /session/19811f194e6d2175e7b809a74a3d60d6/window HTTP/1.1
User-Agent: selenium/4.8.2 (java windows)
Content-Length: 50
Content-Type: application/json; charset=utf-8
host: localhost:4855
accept: */*

Response DefaultHttpResponse(decodeResult: success, version: HTTP/1.1)
HTTP/1.1 200 OK
Content-Length: 14
Content-Type: application/json; charset=utf-8
cache-control: no-cache

[DEBUG] Adding key: http://localhost:4855 for channel [id: 0xed1a8d22, L:/127.0.0.1:51052 - R:localhost/127.0.0.1:4855]
[DEBUG] Using pooled Channel '[id: 0xed1a8d22, L:/127.0.0.1:51052 - R:localhost/127.0.0.1:4855]' for 'GET' to 'http://localhost:4855/session/19811f194e6d2175e7b809a74a3d60d6/title'
[DEBUG] Using open Channel [id: 0xed1a8d22, L:/127.0.0.1:51052 - R:localhost/127.0.0.1:4855] for GET '/session/19811f194e6d2175e7b809a74a3d60d6/title'
[DEBUG] Entry count for : http://localhost:51053 : 1
[DEBUG] 

Request DefaultFullHttpRequest(decodeResult: success, version: HTTP/1.1, content: EmptyByteBufBE)
GET /session/19811f194e6d2175e7b809a74a3d60d6/title HTTP/1.1
User-Agent: selenium/4.8.2 (java windows)
Cache-Control: no-cache
Content-Type: application/json; charset=utf-8
host: localhost:4855
accept: */*

Response DefaultHttpResponse(decodeResult: success, version: HTTP/1.1)
HTTP/1.1 200 OK
Content-Length: 31
Content-Type: application/json; charset=utf-8
cache-control: no-cache

[DEBUG] Adding key: http://localhost:4855 for channel [id: 0xed1a8d22, L:/127.0.0.1:51052 - R:localhost/127.0.0.1:4855]
[DEBUG] Using pooled Channel '[id: 0xed1a8d22, L:/127.0.0.1:51052 - R:localhost/127.0.0.1:4855]' for 'POST' to 'http://localhost:4855/session/19811f194e6d2175e7b809a74a3d60d6/window'
[DEBUG] Using open Channel [id: 0xed1a8d22, L:/127.0.0.1:51052 - R:localhost/127.0.0.1:4855] for POST '/session/19811f194e6d2175e7b809a74a3d60d6/window'
[DEBUG] 

Request DefaultHttpRequest(decodeResult: success, version: HTTP/1.1)
POST /session/19811f194e6d2175e7b809a74a3d60d6/window HTTP/1.1
User-Agent: selenium/4.8.2 (java windows)
Content-Length: 50
Content-Type: application/json; charset=utf-8
host: localhost:4855
accept: */*

Response DefaultHttpResponse(decodeResult: success, version: HTTP/1.1)
HTTP/1.1 200 OK
Content-Length: 14
Content-Type: application/json; charset=utf-8
cache-control: no-cache

[DEBUG] Adding key: http://localhost:4855 for channel [id: 0xed1a8d22, L:/127.0.0.1:51052 - R:localhost/127.0.0.1:4855]
[DEBUG] Using pooled Channel '[id: 0xed1a8d22, L:/127.0.0.1:51052 - R:localhost/127.0.0.1:4855]' for 'GET' to 'http://localhost:4855/session/19811f194e6d2175e7b809a74a3d60d6/title'
[DEBUG] Using open Channel [id: 0xed1a8d22, L:/127.0.0.1:51052 - R:localhost/127.0.0.1:4855] for GET '/session/19811f194e6d2175e7b809a74a3d60d6/title'
[DEBUG] 

Request DefaultFullHttpRequest(decodeResult: success, version: HTTP/1.1, content: EmptyByteBufBE)
GET /session/19811f194e6d2175e7b809a74a3d60d6/title HTTP/1.1
User-Agent: selenium/4.8.2 (java windows)
Cache-Control: no-cache
Content-Type: application/json; charset=utf-8
host: localhost:4855
accept: */*

Response DefaultHttpResponse(decodeResult: success, version: HTTP/1.1)
HTTP/1.1 200 OK
Content-Length: 28
Content-Type: application/json; charset=utf-8
cache-control: no-cache

[DEBUG] Adding key: http://localhost:4855 for channel [id: 0xed1a8d22, L:/127.0.0.1:51052 - R:localhost/127.0.0.1:4855]
[DEBUG] Using pooled Channel '[id: 0xed1a8d22, L:/127.0.0.1:51052 - R:localhost/127.0.0.1:4855]' for 'POST' to 'http://localhost:4855/session/19811f194e6d2175e7b809a74a3d60d6/window'
[DEBUG] Using open Channel [id: 0xed1a8d22, L:/127.0.0.1:51052 - R:localhost/127.0.0.1:4855] for POST '/session/19811f194e6d2175e7b809a74a3d60d6/window'
[DEBUG] 

Request DefaultHttpRequest(decodeResult: success, version: HTTP/1.1)
POST /session/19811f194e6d2175e7b809a74a3d60d6/window HTTP/1.1
User-Agent: selenium/4.8.2 (java windows)
Content-Length: 50
Content-Type: application/json; charset=utf-8
host: localhost:4855
accept: */*

Response DefaultHttpResponse(decodeResult: success, version: HTTP/1.1)
HTTP/1.1 200 OK
Content-Length: 14
Content-Type: application/json; charset=utf-8
cache-control: no-cache

[DEBUG] Adding key: http://localhost:4855 for channel [id: 0xed1a8d22, L:/127.0.0.1:51052 - R:localhost/127.0.0.1:4855]
[DEBUG] Using pooled Channel '[id: 0xed1a8d22, L:/127.0.0.1:51052 - R:localhost/127.0.0.1:4855]' for 'POST' to 'http://localhost:4855/session/19811f194e6d2175e7b809a74a3d60d6/element'
[DEBUG] Using open Channel [id: 0xed1a8d22, L:/127.0.0.1:51052 - R:localhost/127.0.0.1:4855] for POST '/session/19811f194e6d2175e7b809a74a3d60d6/element'
[DEBUG] 

Request DefaultHttpRequest(decodeResult: success, version: HTTP/1.1)
POST /session/19811f194e6d2175e7b809a74a3d60d6/element HTTP/1.1
User-Agent: selenium/4.8.2 (java windows)
Content-Length: 92
Content-Type: application/json; charset=utf-8
host: localhost:4855
accept: */*

Response DefaultHttpResponse(decodeResult: success, version: HTTP/1.1)
HTTP/1.1 200 OK
Content-Length: 88
Content-Type: application/json; charset=utf-8
cache-control: no-cache

[DEBUG] Adding key: http://localhost:4855 for channel [id: 0xed1a8d22, L:/127.0.0.1:51052 - R:localhost/127.0.0.1:4855]
[DEBUG] Using pooled Channel '[id: 0xed1a8d22, L:/127.0.0.1:51052 - R:localhost/127.0.0.1:4855]' for 'POST' to 'http://localhost:4855/session/19811f194e6d2175e7b809a74a3d60d6/execute/sync'
[DEBUG] Using open Channel [id: 0xed1a8d22, L:/127.0.0.1:51052 - R:localhost/127.0.0.1:4855] for POST '/session/19811f194e6d2175e7b809a74a3d60d6/execute/sync'
[DEBUG] 

Request DefaultHttpRequest(decodeResult: success, version: HTTP/1.1)
POST /session/19811f194e6d2175e7b809a74a3d60d6/execute/sync HTTP/1.1
User-Agent: selenium/4.8.2 (java windows)
Content-Length: 48807
Content-Type: application/json; charset=utf-8
host: localhost:4855
accept: */*

Response DefaultHttpResponse(decodeResult: success, version: HTTP/1.1)
HTTP/1.1 200 OK
Content-Length: 14
Content-Type: application/json; charset=utf-8
cache-control: no-cache

[DEBUG] Adding key: http://localhost:4855 for channel [id: 0xed1a8d22, L:/127.0.0.1:51052 - R:localhost/127.0.0.1:4855]
[DEBUG] Using pooled Channel '[id: 0xed1a8d22, L:/127.0.0.1:51052 - R:localhost/127.0.0.1:4855]' for 'POST' to 'http://localhost:4855/session/19811f194e6d2175e7b809a74a3d60d6/element'
[DEBUG] Using open Channel [id: 0xed1a8d22, L:/127.0.0.1:51052 - R:localhost/127.0.0.1:4855] for POST '/session/19811f194e6d2175e7b809a74a3d60d6/element'
[DEBUG] 

Request DefaultHttpRequest(decodeResult: success, version: HTTP/1.1)
POST /session/19811f194e6d2175e7b809a74a3d60d6/element HTTP/1.1
User-Agent: selenium/4.8.2 (java windows)
Content-Length: 79
Content-Type: application/json; charset=utf-8
host: localhost:4855
accept: */*

Response DefaultHttpResponse(decodeResult: success, version: HTTP/1.1)
HTTP/1.1 200 OK
Content-Length: 88
Content-Type: application/json; charset=utf-8
cache-control: no-cache

[DEBUG] Adding key: http://localhost:4855 for channel [id: 0xed1a8d22, L:/127.0.0.1:51052 - R:localhost/127.0.0.1:4855]
[DEBUG] Using pooled Channel '[id: 0xed1a8d22, L:/127.0.0.1:51052 - R:localhost/127.0.0.1:4855]' for 'POST' to 'http://localhost:4855/session/19811f194e6d2175e7b809a74a3d60d6/element/de76b68f-d439-4e54-abae-3cc108722510/click'
[DEBUG] Using open Channel [id: 0xed1a8d22, L:/127.0.0.1:51052 - R:localhost/127.0.0.1:4855] for POST '/session/19811f194e6d2175e7b809a74a3d60d6/element/de76b68f-d439-4e54-abae-3cc108722510/click'
[DEBUG] Entry count for : http://localhost:51053 : 1
[DEBUG] Entry count for : http://localhost:51053 : 1
[DEBUG] Entry count for : http://localhost:51053 : 1
[DEBUG] Entry count for : http://localhost:51053 : 1
[DEBUG] Entry count for : http://localhost:51053 : 1
[DEBUG] Entry count for : http://localhost:51053 : 1
[DEBUG] Entry count for : http://localhost:51053 : 1
[DEBUG] Entry count for : http://localhost:51053 : 1
[DEBUG] Entry count for : http://localhost:51053 : 1
[DEBUG] Entry count for : http://localhost:51053 : 1
[DEBUG] Entry count for : http://localhost:51053 : 1
[DEBUG] 

Request DefaultHttpRequest(decodeResult: success, version: HTTP/1.1)
POST /session/19811f194e6d2175e7b809a74a3d60d6/element/de76b68f-d439-4e54-abae-3cc108722510/click HTTP/1.1
User-Agent: selenium/4.8.2 (java windows)
Content-Length: 50
Content-Type: application/json; charset=utf-8
host: localhost:4855
accept: */*

Response DefaultHttpResponse(decodeResult: success, version: HTTP/1.1)
HTTP/1.1 200 OK
Content-Length: 14
Content-Type: application/json; charset=utf-8
cache-control: no-cache

[DEBUG] Adding key: http://localhost:4855 for channel [id: 0xed1a8d22, L:/127.0.0.1:51052 - R:localhost/127.0.0.1:4855]
[DEBUG] Using pooled Channel '[id: 0xed1a8d22, L:/127.0.0.1:51052 - R:localhost/127.0.0.1:4855]' for 'POST' to 'http://localhost:4855/session/19811f194e6d2175e7b809a74a3d60d6/elements'
[DEBUG] Using open Channel [id: 0xed1a8d22, L:/127.0.0.1:51052 - R:localhost/127.0.0.1:4855] for POST '/session/19811f194e6d2175e7b809a74a3d60d6/elements'
[DEBUG] 

Request DefaultHttpRequest(decodeResult: success, version: HTTP/1.1)
POST /session/19811f194e6d2175e7b809a74a3d60d6/elements HTTP/1.1
User-Agent: selenium/4.8.2 (java windows)
Content-Length: 149
Content-Type: application/json; charset=utf-8
host: localhost:4855
accept: */*

Response DefaultHttpResponse(decodeResult: success, version: HTTP/1.1)
HTTP/1.1 200 OK
Content-Length: 2697
Content-Type: application/json; charset=utf-8
cache-control: no-cache

[DEBUG] Adding key: http://localhost:4855 for channel [id: 0xed1a8d22, L:/127.0.0.1:51052 - R:localhost/127.0.0.1:4855]
[DEBUG] Using pooled Channel '[id: 0xed1a8d22, L:/127.0.0.1:51052 - R:localhost/127.0.0.1:4855]' for 'POST' to 'http://localhost:4855/session/19811f194e6d2175e7b809a74a3d60d6/elements'
[DEBUG] Using open Channel [id: 0xed1a8d22, L:/127.0.0.1:51052 - R:localhost/127.0.0.1:4855] for POST '/session/19811f194e6d2175e7b809a74a3d60d6/elements'
[DEBUG] 

Request DefaultHttpRequest(decodeResult: success, version: HTTP/1.1)
POST /session/19811f194e6d2175e7b809a74a3d60d6/elements HTTP/1.1
User-Agent: selenium/4.8.2 (java windows)
Content-Length: 149
Content-Type: application/json; charset=utf-8
host: localhost:4855
accept: */*

Response DefaultHttpResponse(decodeResult: success, version: HTTP/1.1)
HTTP/1.1 200 OK
Content-Length: 2697
Content-Type: application/json; charset=utf-8
cache-control: no-cache

[DEBUG] Adding key: http://localhost:4855 for channel [id: 0xed1a8d22, L:/127.0.0.1:51052 - R:localhost/127.0.0.1:4855]
[DEBUG] Using pooled Channel '[id: 0xed1a8d22, L:/127.0.0.1:51052 - R:localhost/127.0.0.1:4855]' for 'POST' to 'http://localhost:4855/session/19811f194e6d2175e7b809a74a3d60d6/element/c4d1e26c-ced7-4259-8b60-0e842b6307bd/click'
[DEBUG] Using open Channel [id: 0xed1a8d22, L:/127.0.0.1:51052 - R:localhost/127.0.0.1:4855] for POST '/session/19811f194e6d2175e7b809a74a3d60d6/element/c4d1e26c-ced7-4259-8b60-0e842b6307bd/click'
[DEBUG] Entry count for : http://localhost:51053 : 1
[DEBUG] Entry count for : http://localhost:51053 : 1
[DEBUG] Entry count for : http://localhost:51053 : 1
[DEBUG] 

Request DefaultHttpRequest(decodeResult: success, version: HTTP/1.1)
POST /session/19811f194e6d2175e7b809a74a3d60d6/element/c4d1e26c-ced7-4259-8b60-0e842b6307bd/click HTTP/1.1
User-Agent: selenium/4.8.2 (java windows)
Content-Length: 50
Content-Type: application/json; charset=utf-8
host: localhost:4855
accept: */*

Response DefaultHttpResponse(decodeResult: success, version: HTTP/1.1)
HTTP/1.1 200 OK
Content-Length: 14
Content-Type: application/json; charset=utf-8
cache-control: no-cache

[DEBUG] Adding key: http://localhost:4855 for channel [id: 0xed1a8d22, L:/127.0.0.1:51052 - R:localhost/127.0.0.1:4855]
[DEBUG] Using pooled Channel '[id: 0xed1a8d22, L:/127.0.0.1:51052 - R:localhost/127.0.0.1:4855]' for 'POST' to 'http://localhost:4855/session/19811f194e6d2175e7b809a74a3d60d6/elements'
[DEBUG] Using open Channel [id: 0xed1a8d22, L:/127.0.0.1:51052 - R:localhost/127.0.0.1:4855] for POST '/session/19811f194e6d2175e7b809a74a3d60d6/elements'
[DEBUG] Entry count for : http://localhost:51053 : 1
[DEBUG] Entry count for : http://localhost:51053 : 1
[DEBUG] Entry count for : http://localhost:51053 : 1
[DEBUG] Entry count for : http://localhost:51053 : 1
[DEBUG] Entry count for : http://localhost:51053 : 1
[DEBUG] Entry count for : http://localhost:51053 : 1
[DEBUG] Entry count for : http://localhost:51053 : 1
[DEBUG] Entry count for : http://localhost:51053 : 1
[DEBUG] Entry count for : http://localhost:51053 : 1
[DEBUG] 

Request DefaultHttpRequest(decodeResult: success, version: HTTP/1.1)
POST /session/19811f194e6d2175e7b809a74a3d60d6/elements HTTP/1.1
User-Agent: selenium/4.8.2 (java windows)
Content-Length: 149
Content-Type: application/json; charset=utf-8
host: localhost:4855
accept: */*

Response DefaultHttpResponse(decodeResult: success, version: HTTP/1.1)
HTTP/1.1 200 OK
Content-Length: 12
Content-Type: application/json; charset=utf-8
cache-control: no-cache

[DEBUG] Adding key: http://localhost:4855 for channel [id: 0xed1a8d22, L:/127.0.0.1:51052 - R:localhost/127.0.0.1:4855]
[DEBUG] Using pooled Channel '[id: 0xed1a8d22, L:/127.0.0.1:51052 - R:localhost/127.0.0.1:4855]' for 'GET' to 'http://localhost:4855/session/19811f194e6d2175e7b809a74a3d60d6/url'
[DEBUG] Using open Channel [id: 0xed1a8d22, L:/127.0.0.1:51052 - R:localhost/127.0.0.1:4855] for GET '/session/19811f194e6d2175e7b809a74a3d60d6/url'
[DEBUG] 

Request DefaultFullHttpRequest(decodeResult: success, version: HTTP/1.1, content: EmptyByteBufBE)
GET /session/19811f194e6d2175e7b809a74a3d60d6/url HTTP/1.1
User-Agent: selenium/4.8.2 (java windows)
Cache-Control: no-cache
Content-Type: application/json; charset=utf-8
host: localhost:4855
accept: */*

Response DefaultHttpResponse(decodeResult: success, version: HTTP/1.1)
HTTP/1.1 200 OK
Content-Length: 60
Content-Type: application/json; charset=utf-8
cache-control: no-cache

[DEBUG] Adding key: http://localhost:4855 for channel [id: 0xed1a8d22, L:/127.0.0.1:51052 - R:localhost/127.0.0.1:4855]
[DEBUG] Using pooled Channel '[id: 0xed1a8d22, L:/127.0.0.1:51052 - R:localhost/127.0.0.1:4855]' for 'POST' to 'http://localhost:4855/session/19811f194e6d2175e7b809a74a3d60d6/element'
[DEBUG] Using open Channel [id: 0xed1a8d22, L:/127.0.0.1:51052 - R:localhost/127.0.0.1:4855] for POST '/session/19811f194e6d2175e7b809a74a3d60d6/element'
[DEBUG] 

Request DefaultHttpRequest(decodeResult: success, version: HTTP/1.1)
POST /session/19811f194e6d2175e7b809a74a3d60d6/element HTTP/1.1
User-Agent: selenium/4.8.2 (java windows)
Content-Length: 70
Content-Type: application/json; charset=utf-8
host: localhost:4855
accept: */*

Response DefaultHttpResponse(decodeResult: success, version: HTTP/1.1)
HTTP/1.1 200 OK
Content-Length: 88
Content-Type: application/json; charset=utf-8
cache-control: no-cache

[DEBUG] Adding key: http://localhost:4855 for channel [id: 0xed1a8d22, L:/127.0.0.1:51052 - R:localhost/127.0.0.1:4855]
[DEBUG] Using pooled Channel '[id: 0xed1a8d22, L:/127.0.0.1:51052 - R:localhost/127.0.0.1:4855]' for 'POST' to 'http://localhost:4855/session/19811f194e6d2175e7b809a74a3d60d6/element/444ea5ef-fcb3-47c7-ac14-77823c9900ad/clear'
[DEBUG] Using open Channel [id: 0xed1a8d22, L:/127.0.0.1:51052 - R:localhost/127.0.0.1:4855] for POST '/session/19811f194e6d2175e7b809a74a3d60d6/element/444ea5ef-fcb3-47c7-ac14-77823c9900ad/clear'
[DEBUG] 

Request DefaultHttpRequest(decodeResult: success, version: HTTP/1.1)
POST /session/19811f194e6d2175e7b809a74a3d60d6/element/444ea5ef-fcb3-47c7-ac14-77823c9900ad/clear HTTP/1.1
User-Agent: selenium/4.8.2 (java windows)
Content-Length: 50
Content-Type: application/json; charset=utf-8
host: localhost:4855
accept: */*

Response DefaultHttpResponse(decodeResult: success, version: HTTP/1.1)
HTTP/1.1 200 OK
Content-Length: 14
Content-Type: application/json; charset=utf-8
cache-control: no-cache

[DEBUG] Adding key: http://localhost:4855 for channel [id: 0xed1a8d22, L:/127.0.0.1:51052 - R:localhost/127.0.0.1:4855]
[DEBUG] Using pooled Channel '[id: 0xed1a8d22, L:/127.0.0.1:51052 - R:localhost/127.0.0.1:4855]' for 'POST' to 'http://localhost:4855/session/19811f194e6d2175e7b809a74a3d60d6/element'
[DEBUG] Using open Channel [id: 0xed1a8d22, L:/127.0.0.1:51052 - R:localhost/127.0.0.1:4855] for POST '/session/19811f194e6d2175e7b809a74a3d60d6/element'
[DEBUG] 

Request DefaultHttpRequest(decodeResult: success, version: HTTP/1.1)
POST /session/19811f194e6d2175e7b809a74a3d60d6/element HTTP/1.1
User-Agent: selenium/4.8.2 (java windows)
Content-Length: 70
Content-Type: application/json; charset=utf-8
host: localhost:4855
accept: */*

Response DefaultHttpResponse(decodeResult: success, version: HTTP/1.1)
HTTP/1.1 200 OK
Content-Length: 88
Content-Type: application/json; charset=utf-8
cache-control: no-cache

[DEBUG] Adding key: http://localhost:4855 for channel [id: 0xed1a8d22, L:/127.0.0.1:51052 - R:localhost/127.0.0.1:4855]
[DEBUG] Using pooled Channel '[id: 0xed1a8d22, L:/127.0.0.1:51052 - R:localhost/127.0.0.1:4855]' for 'POST' to 'http://localhost:4855/session/19811f194e6d2175e7b809a74a3d60d6/element/444ea5ef-fcb3-47c7-ac14-77823c9900ad/value'
[DEBUG] Using open Channel [id: 0xed1a8d22, L:/127.0.0.1:51052 - R:localhost/127.0.0.1:4855] for POST '/session/19811f194e6d2175e7b809a74a3d60d6/element/444ea5ef-fcb3-47c7-ac14-77823c9900ad/value'
[DEBUG] 

Request DefaultHttpRequest(decodeResult: success, version: HTTP/1.1)
POST /session/19811f194e6d2175e7b809a74a3d60d6/element/444ea5ef-fcb3-47c7-ac14-77823c9900ad/value HTTP/1.1
User-Agent: selenium/4.8.2 (java windows)
Content-Length: 91
Content-Type: application/json; charset=utf-8
host: localhost:4855
accept: */*

Response DefaultHttpResponse(decodeResult: success, version: HTTP/1.1)
HTTP/1.1 200 OK
Content-Length: 14
Content-Type: application/json; charset=utf-8
cache-control: no-cache

[DEBUG] Adding key: http://localhost:4855 for channel [id: 0xed1a8d22, L:/127.0.0.1:51052 - R:localhost/127.0.0.1:4855]
[DEBUG] Using pooled Channel '[id: 0xed1a8d22, L:/127.0.0.1:51052 - R:localhost/127.0.0.1:4855]' for 'POST' to 'http://localhost:4855/session/19811f194e6d2175e7b809a74a3d60d6/element'
[DEBUG] Using open Channel [id: 0xed1a8d22, L:/127.0.0.1:51052 - R:localhost/127.0.0.1:4855] for POST '/session/19811f194e6d2175e7b809a74a3d60d6/element'
[DEBUG] 

Request DefaultHttpRequest(decodeResult: success, version: HTTP/1.1)
POST /session/19811f194e6d2175e7b809a74a3d60d6/element HTTP/1.1
User-Agent: selenium/4.8.2 (java windows)
Content-Length: 86
Content-Type: application/json; charset=utf-8
host: localhost:4855
accept: */*

Response DefaultHttpResponse(decodeResult: success, version: HTTP/1.1)
HTTP/1.1 200 OK
Content-Length: 88
Content-Type: application/json; charset=utf-8
cache-control: no-cache

[DEBUG] Adding key: http://localhost:4855 for channel [id: 0xed1a8d22, L:/127.0.0.1:51052 - R:localhost/127.0.0.1:4855]
[DEBUG] Using pooled Channel '[id: 0xed1a8d22, L:/127.0.0.1:51052 - R:localhost/127.0.0.1:4855]' for 'POST' to 'http://localhost:4855/session/19811f194e6d2175e7b809a74a3d60d6/element/7a0730f3-2ebb-4912-b859-ff08e71a0e8e/click'
[DEBUG] Using open Channel [id: 0xed1a8d22, L:/127.0.0.1:51052 - R:localhost/127.0.0.1:4855] for POST '/session/19811f194e6d2175e7b809a74a3d60d6/element/7a0730f3-2ebb-4912-b859-ff08e71a0e8e/click'
[DEBUG] 

Request DefaultHttpRequest(decodeResult: success, version: HTTP/1.1)
POST /session/19811f194e6d2175e7b809a74a3d60d6/element/7a0730f3-2ebb-4912-b859-ff08e71a0e8e/click HTTP/1.1
User-Agent: selenium/4.8.2 (java windows)
Content-Length: 50
Content-Type: application/json; charset=utf-8
host: localhost:4855
accept: */*

Response DefaultHttpResponse(decodeResult: success, version: HTTP/1.1)
HTTP/1.1 200 OK
Content-Length: 14
Content-Type: application/json; charset=utf-8
cache-control: no-cache

[DEBUG] Adding key: http://localhost:4855 for channel [id: 0xed1a8d22, L:/127.0.0.1:51052 - R:localhost/127.0.0.1:4855]
[DEBUG] Using pooled Channel '[id: 0xed1a8d22, L:/127.0.0.1:51052 - R:localhost/127.0.0.1:4855]' for 'POST' to 'http://localhost:4855/session/19811f194e6d2175e7b809a74a3d60d6/element'
[DEBUG] Using open Channel [id: 0xed1a8d22, L:/127.0.0.1:51052 - R:localhost/127.0.0.1:4855] for POST '/session/19811f194e6d2175e7b809a74a3d60d6/element'
[DEBUG] 

Request DefaultHttpRequest(decodeResult: success, version: HTTP/1.1)
POST /session/19811f194e6d2175e7b809a74a3d60d6/element HTTP/1.1
User-Agent: selenium/4.8.2 (java windows)
Content-Length: 132
Content-Type: application/json; charset=utf-8
host: localhost:4855
accept: */*

Response DefaultHttpResponse(decodeResult: success, version: HTTP/1.1)
HTTP/1.1 200 OK
Content-Length: 88
Content-Type: application/json; charset=utf-8
cache-control: no-cache

[DEBUG] Adding key: http://localhost:4855 for channel [id: 0xed1a8d22, L:/127.0.0.1:51052 - R:localhost/127.0.0.1:4855]
[DEBUG] Using pooled Channel '[id: 0xed1a8d22, L:/127.0.0.1:51052 - R:localhost/127.0.0.1:4855]' for 'POST' to 'http://localhost:4855/session/19811f194e6d2175e7b809a74a3d60d6/element/fe3d60b2-5da6-4675-99d2-b11034bd009b/click'
[DEBUG] Using open Channel [id: 0xed1a8d22, L:/127.0.0.1:51052 - R:localhost/127.0.0.1:4855] for POST '/session/19811f194e6d2175e7b809a74a3d60d6/element/fe3d60b2-5da6-4675-99d2-b11034bd009b/click'
[DEBUG] Entry count for : http://localhost:51053 : 1
[DEBUG] Entry count for : http://localhost:51053 : 1
[DEBUG] Entry count for : http://localhost:51053 : 1
[DEBUG] Entry count for : http://localhost:51053 : 1
[DEBUG] 

Request DefaultHttpRequest(decodeResult: success, version: HTTP/1.1)
POST /session/19811f194e6d2175e7b809a74a3d60d6/element/fe3d60b2-5da6-4675-99d2-b11034bd009b/click HTTP/1.1
User-Agent: selenium/4.8.2 (java windows)
Content-Length: 50
Content-Type: application/json; charset=utf-8
host: localhost:4855
accept: */*

Response DefaultHttpResponse(decodeResult: success, version: HTTP/1.1)
HTTP/1.1 200 OK
Content-Length: 14
Content-Type: application/json; charset=utf-8
cache-control: no-cache

[DEBUG] Adding key: http://localhost:4855 for channel [id: 0xed1a8d22, L:/127.0.0.1:51052 - R:localhost/127.0.0.1:4855]
[DEBUG] Using pooled Channel '[id: 0xed1a8d22, L:/127.0.0.1:51052 - R:localhost/127.0.0.1:4855]' for 'POST' to 'http://localhost:4855/session/19811f194e6d2175e7b809a74a3d60d6/element'
[DEBUG] Using open Channel [id: 0xed1a8d22, L:/127.0.0.1:51052 - R:localhost/127.0.0.1:4855] for POST '/session/19811f194e6d2175e7b809a74a3d60d6/element'
[DEBUG] 

Request DefaultHttpRequest(decodeResult: success, version: HTTP/1.1)
POST /session/19811f194e6d2175e7b809a74a3d60d6/element HTTP/1.1
User-Agent: selenium/4.8.2 (java windows)
Content-Length: 220
Content-Type: application/json; charset=utf-8
host: localhost:4855
accept: */*

Response DefaultHttpResponse(decodeResult: success, version: HTTP/1.1)
HTTP/1.1 200 OK
Content-Length: 88
Content-Type: application/json; charset=utf-8
cache-control: no-cache

[DEBUG] Adding key: http://localhost:4855 for channel [id: 0xed1a8d22, L:/127.0.0.1:51052 - R:localhost/127.0.0.1:4855]
[DEBUG] Using pooled Channel '[id: 0xed1a8d22, L:/127.0.0.1:51052 - R:localhost/127.0.0.1:4855]' for 'GET' to 'http://localhost:4855/session/19811f194e6d2175e7b809a74a3d60d6/element/b923d601-8d49-4c09-91f0-90f14f920078/text'
[DEBUG] Using open Channel [id: 0xed1a8d22, L:/127.0.0.1:51052 - R:localhost/127.0.0.1:4855] for GET '/session/19811f194e6d2175e7b809a74a3d60d6/element/b923d601-8d49-4c09-91f0-90f14f920078/text'
[DEBUG] 

Request DefaultFullHttpRequest(decodeResult: success, version: HTTP/1.1, content: EmptyByteBufBE)
GET /session/19811f194e6d2175e7b809a74a3d60d6/element/b923d601-8d49-4c09-91f0-90f14f920078/text HTTP/1.1
User-Agent: selenium/4.8.2 (java windows)
Cache-Control: no-cache
Content-Type: application/json; charset=utf-8
host: localhost:4855
accept: */*

Response DefaultHttpResponse(decodeResult: success, version: HTTP/1.1)
HTTP/1.1 200 OK
Content-Length: 13
Content-Type: application/json; charset=utf-8
cache-control: no-cache

[DEBUG] Adding key: http://localhost:4855 for channel [id: 0xed1a8d22, L:/127.0.0.1:51052 - R:localhost/127.0.0.1:4855]
[DEBUG] Using pooled Channel '[id: 0xed1a8d22, L:/127.0.0.1:51052 - R:localhost/127.0.0.1:4855]' for 'POST' to 'http://localhost:4855/session/19811f194e6d2175e7b809a74a3d60d6/element'
[DEBUG] Using open Channel [id: 0xed1a8d22, L:/127.0.0.1:51052 - R:localhost/127.0.0.1:4855] for POST '/session/19811f194e6d2175e7b809a74a3d60d6/element'
[DEBUG] 

Request DefaultHttpRequest(decodeResult: success, version: HTTP/1.1)
POST /session/19811f194e6d2175e7b809a74a3d60d6/element HTTP/1.1
User-Agent: selenium/4.8.2 (java windows)
Content-Length: 117
Content-Type: application/json; charset=utf-8
host: localhost:4855
accept: */*

Response DefaultHttpResponse(decodeResult: success, version: HTTP/1.1)
HTTP/1.1 200 OK
Content-Length: 88
Content-Type: application/json; charset=utf-8
cache-control: no-cache

[DEBUG] Adding key: http://localhost:4855 for channel [id: 0xed1a8d22, L:/127.0.0.1:51052 - R:localhost/127.0.0.1:4855]
[DEBUG] Using pooled Channel '[id: 0xed1a8d22, L:/127.0.0.1:51052 - R:localhost/127.0.0.1:4855]' for 'GET' to 'http://localhost:4855/session/19811f194e6d2175e7b809a74a3d60d6/element/85f12de7-0e75-49db-8709-d2b188b94674/text'
[DEBUG] Using open Channel [id: 0xed1a8d22, L:/127.0.0.1:51052 - R:localhost/127.0.0.1:4855] for GET '/session/19811f194e6d2175e7b809a74a3d60d6/element/85f12de7-0e75-49db-8709-d2b188b94674/text'
[DEBUG] 

Request DefaultFullHttpRequest(decodeResult: success, version: HTTP/1.1, content: EmptyByteBufBE)
GET /session/19811f194e6d2175e7b809a74a3d60d6/element/85f12de7-0e75-49db-8709-d2b188b94674/text HTTP/1.1
User-Agent: selenium/4.8.2 (java windows)
Cache-Control: no-cache
Content-Type: application/json; charset=utf-8
host: localhost:4855
accept: */*

Response DefaultHttpResponse(decodeResult: success, version: HTTP/1.1)
HTTP/1.1 200 OK
Content-Length: 20
Content-Type: application/json; charset=utf-8
cache-control: no-cache

[DEBUG] Adding key: http://localhost:4855 for channel [id: 0xed1a8d22, L:/127.0.0.1:51052 - R:localhost/127.0.0.1:4855]
[DEBUG] Using pooled Channel '[id: 0xed1a8d22, L:/127.0.0.1:51052 - R:localhost/127.0.0.1:4855]' for 'POST' to 'http://localhost:4855/session/19811f194e6d2175e7b809a74a3d60d6/element'
[DEBUG] Using open Channel [id: 0xed1a8d22, L:/127.0.0.1:51052 - R:localhost/127.0.0.1:4855] for POST '/session/19811f194e6d2175e7b809a74a3d60d6/element'
[DEBUG] 

Request DefaultHttpRequest(decodeResult: success, version: HTTP/1.1)
POST /session/19811f194e6d2175e7b809a74a3d60d6/element HTTP/1.1
User-Agent: selenium/4.8.2 (java windows)
Content-Length: 117
Content-Type: application/json; charset=utf-8
host: localhost:4855
accept: */*

Response DefaultHttpResponse(decodeResult: success, version: HTTP/1.1)
HTTP/1.1 200 OK
Content-Length: 88
Content-Type: application/json; charset=utf-8
cache-control: no-cache

[DEBUG] Adding key: http://localhost:4855 for channel [id: 0xed1a8d22, L:/127.0.0.1:51052 - R:localhost/127.0.0.1:4855]
[DEBUG] Using pooled Channel '[id: 0xed1a8d22, L:/127.0.0.1:51052 - R:localhost/127.0.0.1:4855]' for 'GET' to 'http://localhost:4855/session/19811f194e6d2175e7b809a74a3d60d6/element/329d24c9-db77-4c53-82a8-582a0d942ff4/text'
[DEBUG] Using open Channel [id: 0xed1a8d22, L:/127.0.0.1:51052 - R:localhost/127.0.0.1:4855] for GET '/session/19811f194e6d2175e7b809a74a3d60d6/element/329d24c9-db77-4c53-82a8-582a0d942ff4/text'
[DEBUG] 

Request DefaultFullHttpRequest(decodeResult: success, version: HTTP/1.1, content: EmptyByteBufBE)
GET /session/19811f194e6d2175e7b809a74a3d60d6/element/329d24c9-db77-4c53-82a8-582a0d942ff4/text HTTP/1.1
User-Agent: selenium/4.8.2 (java windows)
Cache-Control: no-cache
Content-Type: application/json; charset=utf-8
host: localhost:4855
accept: */*

Response DefaultHttpResponse(decodeResult: success, version: HTTP/1.1)
HTTP/1.1 200 OK
Content-Length: 19
Content-Type: application/json; charset=utf-8
cache-control: no-cache

[DEBUG] Adding key: http://localhost:4855 for channel [id: 0xed1a8d22, L:/127.0.0.1:51052 - R:localhost/127.0.0.1:4855]
[DEBUG] Using pooled Channel '[id: 0xed1a8d22, L:/127.0.0.1:51052 - R:localhost/127.0.0.1:4855]' for 'POST' to 'http://localhost:4855/session/19811f194e6d2175e7b809a74a3d60d6/element'
[DEBUG] Using open Channel [id: 0xed1a8d22, L:/127.0.0.1:51052 - R:localhost/127.0.0.1:4855] for POST '/session/19811f194e6d2175e7b809a74a3d60d6/element'
[DEBUG] 

Request DefaultHttpRequest(decodeResult: success, version: HTTP/1.1)
POST /session/19811f194e6d2175e7b809a74a3d60d6/element HTTP/1.1
User-Agent: selenium/4.8.2 (java windows)
Content-Length: 128
Content-Type: application/json; charset=utf-8
host: localhost:4855
accept: */*

Response DefaultHttpResponse(decodeResult: success, version: HTTP/1.1)
HTTP/1.1 200 OK
Content-Length: 88
Content-Type: application/json; charset=utf-8
cache-control: no-cache

[DEBUG] Adding key: http://localhost:4855 for channel [id: 0xed1a8d22, L:/127.0.0.1:51052 - R:localhost/127.0.0.1:4855]
[DEBUG] Using pooled Channel '[id: 0xed1a8d22, L:/127.0.0.1:51052 - R:localhost/127.0.0.1:4855]' for 'GET' to 'http://localhost:4855/session/19811f194e6d2175e7b809a74a3d60d6/element/b923d601-8d49-4c09-91f0-90f14f920078/text'
[DEBUG] Using open Channel [id: 0xed1a8d22, L:/127.0.0.1:51052 - R:localhost/127.0.0.1:4855] for GET '/session/19811f194e6d2175e7b809a74a3d60d6/element/b923d601-8d49-4c09-91f0-90f14f920078/text'
[DEBUG] 

Request DefaultFullHttpRequest(decodeResult: success, version: HTTP/1.1, content: EmptyByteBufBE)
GET /session/19811f194e6d2175e7b809a74a3d60d6/element/b923d601-8d49-4c09-91f0-90f14f920078/text HTTP/1.1
User-Agent: selenium/4.8.2 (java windows)
Cache-Control: no-cache
Content-Type: application/json; charset=utf-8
host: localhost:4855
accept: */*

Response DefaultHttpResponse(decodeResult: success, version: HTTP/1.1)
HTTP/1.1 200 OK
Content-Length: 13
Content-Type: application/json; charset=utf-8
cache-control: no-cache

[DEBUG] Adding key: http://localhost:4855 for channel [id: 0xed1a8d22, L:/127.0.0.1:51052 - R:localhost/127.0.0.1:4855]
[DEBUG] Using pooled Channel '[id: 0xed1a8d22, L:/127.0.0.1:51052 - R:localhost/127.0.0.1:4855]' for 'DELETE' to 'http://localhost:4855/session/19811f194e6d2175e7b809a74a3d60d6'
[DEBUG] Using open Channel [id: 0xed1a8d22, L:/127.0.0.1:51052 - R:localhost/127.0.0.1:4855] for DELETE '/session/19811f194e6d2175e7b809a74a3d60d6'
[DEBUG] Channel Closed: [id: 0x5721db23, L:/127.0.0.1:51065 ! R:localhost/127.0.0.1:51053] with attribute NettyResponseFuture{currentRetry=0,
	isDone=1,
	isCancelled=0,
	asyncHandler=org.asynchttpclient.ws.WebSocketUpgradeHandler@24455628,
	nettyRequest=org.asynchttpclient.netty.request.NettyRequest@37dcbc2f,
	future=java.util.concurrent.CompletableFuture@1be8b838[Completed normally],
	uri=ws://localhost:51053/devtools/browser/890f43fc-9226-4c20-b814-a5647090c1d2,
	keepAlive=true,
	redirectCount=0,
	timeoutsHolder=null,
	inAuth=0,
	touch=1682313573869}
[DEBUG] Closing Channel [id: 0x5721db23, L:/127.0.0.1:51065 ! R:localhost/127.0.0.1:51053] 
[DEBUG] Unexpected I/O exception on channel [id: 0x694d63fa, L:/127.0.0.1:51063 - R:localhost/127.0.0.1:51053]
java.net.SocketException: Connection reset
	at java.base/sun.nio.ch.SocketChannelImpl.throwConnectionReset(SocketChannelImpl.java:394) ~[na:na]
	at java.base/sun.nio.ch.SocketChannelImpl.read(SocketChannelImpl.java:426) ~[na:na]
	at io.netty.buffer.PooledByteBuf.setBytes(PooledByteBuf.java:256) ~[netty-buffer-4.1.90.Final.jar:4.1.90.Final]
	at io.netty.buffer.AbstractByteBuf.writeBytes(AbstractByteBuf.java:1132) ~[netty-buffer-4.1.90.Final.jar:4.1.90.Final]
	at io.netty.channel.socket.nio.NioSocketChannel.doReadBytes(NioSocketChannel.java:357) ~[netty-transport-4.1.90.Final.jar:4.1.90.Final]
	at io.netty.channel.nio.AbstractNioByteChannel$NioByteUnsafe.read(AbstractNioByteChannel.java:151) ~[netty-transport-4.1.90.Final.jar:4.1.90.Final]
	at io.netty.channel.nio.NioEventLoop.processSelectedKey(NioEventLoop.java:788) ~[netty-transport-4.1.90.Final.jar:4.1.90.Final]
	at io.netty.channel.nio.NioEventLoop.processSelectedKeysOptimized(NioEventLoop.java:724) ~[netty-transport-4.1.90.Final.jar:4.1.90.Final]
	at io.netty.channel.nio.NioEventLoop.processSelectedKeys(NioEventLoop.java:650) ~[netty-transport-4.1.90.Final.jar:4.1.90.Final]
	at io.netty.channel.nio.NioEventLoop.run(NioEventLoop.java:562) ~[netty-transport-4.1.90.Final.jar:4.1.90.Final]
	at io.netty.util.concurrent.SingleThreadEventExecutor$4.run(SingleThreadEventExecutor.java:997) ~[netty-common-4.1.90.Final.jar:4.1.90.Final]
	at io.netty.util.internal.ThreadExecutorMap$2.run(ThreadExecutorMap.java:74) ~[netty-common-4.1.90.Final.jar:4.1.90.Final]
	at io.netty.util.concurrent.FastThreadLocalRunnable.run(FastThreadLocalRunnable.java:30) ~[netty-common-4.1.90.Final.jar:4.1.90.Final]
	at java.base/java.lang.Thread.run(Thread.java:833) ~[na:na]
[DEBUG] Closing Channel [id: 0x694d63fa, L:/127.0.0.1:51063 - R:localhost/127.0.0.1:51053] 
[DEBUG] Channel Closed: [id: 0x694d63fa, L:/127.0.0.1:51063 ! R:localhost/127.0.0.1:51053] with attribute DISCARD
[DEBUG] 

Request DefaultFullHttpRequest(decodeResult: success, version: HTTP/1.1, content: EmptyByteBufBE)
DELETE /session/19811f194e6d2175e7b809a74a3d60d6 HTTP/1.1
User-Agent: selenium/4.8.2 (java windows)
Content-Type: application/json; charset=utf-8
host: localhost:4855
accept: */*

Response DefaultHttpResponse(decodeResult: success, version: HTTP/1.1)
HTTP/1.1 200 OK
Content-Length: 14
Content-Type: application/json; charset=utf-8
cache-control: no-cache

[DEBUG] Adding key: http://localhost:4855 for channel [id: 0xed1a8d22, L:/127.0.0.1:51052 - R:localhost/127.0.0.1:4855]
[DEBUG] Channel Closed: [id: 0xed1a8d22, L:/127.0.0.1:51052 ! R:localhost/127.0.0.1:4855] with attribute DISCARD
[DEBUG] Entry count for : http://localhost:4855 : 1
[DEBUG] Entry count for : http://localhost:51053 : 1
[DEBUG] Adding Candidate expired Channel [id: 0xed1a8d22, L:/127.0.0.1:51052 ! R:localhost/127.0.0.1:4855] isIdleTimeoutExpired=false isRemotelyClosed=true isTtlExpired=false
[DEBUG] Closing Idle Channel [id: 0xed1a8d22, L:/127.0.0.1:51052 ! R:localhost/127.0.0.1:4855]
[DEBUG] Adding Candidate expired Channel [id: 0x694d63fa, L:/127.0.0.1:51063 ! R:localhost/127.0.0.1:51053] isIdleTimeoutExpired=false isRemotelyClosed=true isTtlExpired=false
[DEBUG] Closing Idle Channel [id: 0x694d63fa, L:/127.0.0.1:51063 ! R:localhost/127.0.0.1:51053]
[DEBUG] Closed 2 connections out of 2 in 0 ms
]]></system-out>
    <system-err><![CDATA[Starting ChromeDriver 112.0.5615.49 (bd2a7bcb881c11e8cfe3078709382934e3916914-refs/branch-heads/5615@{#936}) on port 4855
Only local connections are allowed.
Please see https://chromedriver.chromium.org/security-considerations for suggestions on keeping ChromeDriver safe.
ChromeDriver was started successfully.
Apr 24, 2023 10:49:33 AM org.openqa.selenium.devtools.CdpVersionFinder findNearestMatch
WARNING: Unable to find an exact match for CDP version 112, so returning the closest version found: 111
]]></system-err>
  </testcase>
</testsuite>