<?xml version="1.0" encoding="UTF-8"?>
<testng-results ignored="0" total="1" passed="1" failed="0" skipped="0">
  <reporter-output>
  </reporter-output>
  <suite started-at="2023-04-25T18:05:54 IST" name="Suite" finished-at="2023-04-25T18:07:10 IST" duration-ms="76287">
    <groups>
      <group name="cucumber">
        <method signature="AbstractTestNGCucumberTests.runScenario(io.cucumber.testng.PickleWrapper,io.cucumber.testng.FeatureWrapper)[pri:0, instance:testRunner.Run@909217e]" name="runScenario" class="io.cucumber.testng.AbstractTestNGCucumberTests"/>
      </group> <!-- cucumber -->
    </groups>
    <test started-at="2023-04-25T18:05:54 IST" name="Test" finished-at="2023-04-25T18:07:10 IST" duration-ms="76287">
      <class name="testRunner.Run">
        <test-method is-config="true" signature="setUpClass(org.testng.ITestContext)[pri:0, instance:testRunner.Run@909217e]" started-at="2023-04-25T18:05:54 IST" name="setUpClass" finished-at="2023-04-25T18:05:55 IST" duration-ms="617" status="PASS">
          <params>
            <param index="0">
              <value>
                <![CDATA[org.testng.TestRunner@7d82ca56]]>
              </value>
            </param>
          </params>
          <reporter-output>
          </reporter-output>
        </test-method> <!-- setUpClass -->
        <test-method signature="runScenario(io.cucumber.testng.PickleWrapper,io.cucumber.testng.FeatureWrapper)[pri:0, instance:testRunner.Run@909217e]" started-at="2023-04-25T18:05:55 IST" name="runScenario" description="Runs Cucumber Scenarios" data-provider="scenarios" finished-at="2023-04-25T18:07:08 IST" duration-ms="73674" status="PASS">
          <params>
            <param index="0">
              <value>
                <![CDATA["Search Products and Verify Cart After Login scenario"]]>
              </value>
            </param>
            <param index="1">
              <value>
                <![CDATA["Search Products and Verify Cart After Login feature"]]>
              </value>
            </param>
          </params>
          <reporter-output>
          </reporter-output>
        </test-method> <!-- runScenario -->
        <test-method is-config="true" signature="tearDownClass()[pri:0, instance:testRunner.Run@909217e]" started-at="2023-04-25T18:07:08 IST" name="tearDownClass" finished-at="2023-04-25T18:07:10 IST" duration-ms="1948" status="PASS">
          <reporter-output>
          </reporter-output>
        </test-method> <!-- tearDownClass -->
      </class> <!-- testRunner.Run -->
    </test> <!-- Test -->
  </suite> <!-- Suite -->
</testng-results>
