<?xml version="1.0" encoding="UTF-8"?>
<testng-results ignored="0" total="1" passed="1" failed="0" skipped="0">
  <reporter-output>
  </reporter-output>
  <suite started-at="2023-04-29T09:45:10 IST" name="Suite" finished-at="2023-04-29T09:46:08 IST" duration-ms="58187">
    <groups>
      <group name="cucumber">
        <method signature="AbstractTestNGCucumberTests.runScenario(io.cucumber.testng.PickleWrapper,io.cucumber.testng.FeatureWrapper)[pri:0, instance:testRunner.Run@909217e]" name="runScenario" class="io.cucumber.testng.AbstractTestNGCucumberTests"/>
      </group> <!-- cucumber -->
    </groups>
    <test started-at="2023-04-29T09:45:10 IST" name="Test" finished-at="2023-04-29T09:46:08 IST" duration-ms="58187">
      <class name="testRunner.Run">
        <test-method is-config="true" signature="setUpClass(org.testng.ITestContext)[pri:0, instance:testRunner.Run@909217e]" started-at="2023-04-29T09:45:10 IST" name="setUpClass" finished-at="2023-04-29T09:45:11 IST" duration-ms="632" status="PASS">
          <params>
            <param index="0">
              <value>
                <![CDATA[org.testng.TestRunner@432f4626]]>
              </value>
            </param>
          </params>
          <reporter-output>
          </reporter-output>
        </test-method> <!-- setUpClass -->
        <test-method signature="runScenario(io.cucumber.testng.PickleWrapper,io.cucumber.testng.FeatureWrapper)[pri:0, instance:testRunner.Run@909217e]" started-at="2023-04-29T09:45:11 IST" name="runScenario" description="Runs Cucumber Scenarios" data-provider="scenarios" finished-at="2023-04-29T09:46:07 IST" duration-ms="55860" status="PASS">
          <params>
            <param index="0">
              <value>
                <![CDATA["Log-in with valid username and password"]]>
              </value>
            </param>
            <param index="1">
              <value>
                <![CDATA["Login with DDT feature"]]>
              </value>
            </param>
          </params>
          <reporter-output>
          </reporter-output>
        </test-method> <!-- runScenario -->
        <test-method is-config="true" signature="tearDownClass()[pri:0, instance:testRunner.Run@909217e]" started-at="2023-04-29T09:46:07 IST" name="tearDownClass" finished-at="2023-04-29T09:46:08 IST" duration-ms="1661" status="PASS">
          <reporter-output>
          </reporter-output>
        </test-method> <!-- tearDownClass -->
      </class> <!-- testRunner.Run -->
    </test> <!-- Test -->
  </suite> <!-- Suite -->
</testng-results>
